<?xml version="1.0" encoding="UTF-8"?>
<testsuite name="co.com.ceiba.ceibaestacionamiento.integracion.EstacionamientoServiciosTest" tests="11" skipped="0" failures="0" errors="0" timestamp="2019-05-20T19:54:58" hostname="NANCY-YANZA" time="2.447">
  <properties/>
  <testcase name="primerRegistro10MotosExitosoTest" classname="co.com.ceiba.ceibaestacionamiento.integracion.EstacionamientoServiciosTest" time="0.434"/>
  <testcase name="primerRegistro20CarrosExitosoTest" classname="co.com.ceiba.ceibaestacionamiento.integracion.EstacionamientoServiciosTest" time="0.717"/>
  <testcase name="primerSinEspacioParaCarroTest" classname="co.com.ceiba.ceibaestacionamiento.integracion.EstacionamientoServiciosTest" time="0.007"/>
  <testcase name="primerSinEspacioParaMotoTest" classname="co.com.ceiba.ceibaestacionamiento.integracion.EstacionamientoServiciosTest" time="0.006"/>
  <testcase name="segundoEliminar10MotosTets" classname="co.com.ceiba.ceibaestacionamiento.integracion.EstacionamientoServiciosTest" time="0.41"/>
  <testcase name="segundoEliminar20CarrosTest" classname="co.com.ceiba.ceibaestacionamiento.integracion.EstacionamientoServiciosTest" time="0.827"/>
  <testcase name="segundoObtenerValorHoraCarroTest" classname="co.com.ceiba.ceibaestacionamiento.integracion.EstacionamientoServiciosTest" time="0.006"/>
  <testcase name="tercerObteneerValorMotoMayor500CCTest" classname="co.com.ceiba.ceibaestacionamiento.integracion.EstacionamientoServiciosTest" time="0.008"/>
  <testcase name="tercerObtenerValorDiaCarroTest" classname="co.com.ceiba.ceibaestacionamiento.integracion.EstacionamientoServiciosTest" time="0.006"/>
  <testcase name="tercerObtenerValorDiaMotoTest" classname="co.com.ceiba.ceibaestacionamiento.integracion.EstacionamientoServiciosTest" time="0.01"/>
  <testcase name="tercerObtenerValorHoraMotoTest" classname="co.com.ceiba.ceibaestacionamiento.integracion.EstacionamientoServiciosTest" time="0.007"/>
  <system-out><![CDATA[2019-05-20 14:54:58.358  INFO 10536 --- [    Test worker] .b.t.c.SpringBootTestContextBootstrapper : Neither @ContextConfiguration nor @ContextHierarchy found for test class [co.com.ceiba.ceibaestacionamiento.integracion.EstacionamientoServiciosTest], using SpringBootContextLoader
2019-05-20 14:54:58.360  INFO 10536 --- [    Test worker] o.s.t.c.support.AbstractContextLoader    : Could not detect default resource locations for test class [co.com.ceiba.ceibaestacionamiento.integracion.EstacionamientoServiciosTest]: no resource found for suffixes {-context.xml, Context.groovy}.
2019-05-20 14:54:58.365  INFO 10536 --- [    Test worker] .b.t.c.SpringBootTestContextBootstrapper : Loaded default TestExecutionListener class names from location [META-INF/spring.factories]: [org.springframework.boot.test.autoconfigure.restdocs.RestDocsTestExecutionListener, org.springframework.boot.test.autoconfigure.web.client.MockRestServiceServerResetTestExecutionListener, org.springframework.boot.test.autoconfigure.web.servlet.MockMvcPrintOnlyOnFailureTestExecutionListener, org.springframework.boot.test.autoconfigure.web.servlet.WebDriverTestExecutionListener, org.springframework.boot.test.mock.mockito.MockitoTestExecutionListener, org.springframework.boot.test.mock.mockito.ResetMocksTestExecutionListener, org.springframework.test.context.web.ServletTestExecutionListener, org.springframework.test.context.support.DirtiesContextBeforeModesTestExecutionListener, org.springframework.test.context.support.DependencyInjectionTestExecutionListener, org.springframework.test.context.support.DirtiesContextTestExecutionListener, org.springframework.test.context.transaction.TransactionalTestExecutionListener, org.springframework.test.context.jdbc.SqlScriptsTestExecutionListener]
2019-05-20 14:54:58.366  INFO 10536 --- [    Test worker] .b.t.c.SpringBootTestContextBootstrapper : Using TestExecutionListeners: [org.springframework.test.context.web.ServletTestExecutionListener@432ef038, org.springframework.test.context.support.DirtiesContextBeforeModesTestExecutionListener@3f5fc64, org.springframework.boot.test.mock.mockito.MockitoTestExecutionListener@58ccc282, org.springframework.boot.test.autoconfigure.SpringBootDependencyInjectionTestExecutionListener@4c9ea6b1, org.springframework.test.context.support.DirtiesContextTestExecutionListener@7805302a, org.springframework.test.context.transaction.TransactionalTestExecutionListener@54bff592, org.springframework.test.context.jdbc.SqlScriptsTestExecutionListener@6a59e555, org.springframework.boot.test.autoconfigure.restdocs.RestDocsTestExecutionListener@534b7d81, org.springframework.boot.test.autoconfigure.web.client.MockRestServiceServerResetTestExecutionListener@29e93a2, org.springframework.boot.test.autoconfigure.web.servlet.MockMvcPrintOnlyOnFailureTestExecutionListener@29a6e506, org.springframework.boot.test.autoconfigure.web.servlet.WebDriverTestExecutionListener@cf0de2a, org.springframework.boot.test.mock.mockito.ResetMocksTestExecutionListener@45f0d40]
2019-05-20 14:54:58.379 DEBUG 10536 --- [    Test worker] org.hibernate.SQL                        : SELECT COUNT(*) FROM factura JOIN movil ON factura.mov_placa = movil.mov_placa WHERE movil.mov_tipo_movil = ? AND factura.fac_fecha_salida IS NULL
Hibernate: SELECT COUNT(*) FROM factura JOIN movil ON factura.mov_placa = movil.mov_placa WHERE movil.mov_tipo_movil = ? AND factura.fac_fecha_salida IS NULL
2019-05-20 14:54:58.381 TRACE 10536 --- [    Test worker] o.h.type.descriptor.sql.BasicBinder      : binding parameter [1] as [VARCHAR] - [MOTO]
2019-05-20 14:54:58.382 TRACE 10536 --- [    Test worker] o.h.type.descriptor.sql.BasicExtractor   : extracted value ([COUNT(*)] : [NUMERIC]) - [0]
2019-05-20 14:54:58.386 DEBUG 10536 --- [    Test worker] org.hibernate.SQL                        : SELECT COUNT(*) FROM factura WHERE mov_placa = ? AND fac_fecha_salida IS NULL
Hibernate: SELECT COUNT(*) FROM factura WHERE mov_placa = ? AND fac_fecha_salida IS NULL
2019-05-20 14:54:58.387 TRACE 10536 --- [    Test worker] o.h.type.descriptor.sql.BasicBinder      : binding parameter [1] as [VARCHAR] - [SWH-0]
2019-05-20 14:54:58.389 TRACE 10536 --- [    Test worker] o.h.type.descriptor.sql.BasicExtractor   : extracted value ([COUNT(*)] : [NUMERIC]) - [0]
2019-05-20 14:54:58.394 DEBUG 10536 --- [    Test worker] org.hibernate.SQL                        : select movilentit0_.mov_placa as mov_plac1_2_0_, movilentit0_.mov_cilindraje as mov_cili2_2_0_, movilentit0_.mov_tipo_movil as mov_tipo3_2_0_ from movil movilentit0_ where movilentit0_.mov_placa=?
Hibernate: select movilentit0_.mov_placa as mov_plac1_2_0_, movilentit0_.mov_cilindraje as mov_cili2_2_0_, movilentit0_.mov_tipo_movil as mov_tipo3_2_0_ from movil movilentit0_ where movilentit0_.mov_placa=?
2019-05-20 14:54:58.395 TRACE 10536 --- [    Test worker] o.h.type.descriptor.sql.BasicBinder      : binding parameter [1] as [VARCHAR] - [SWH-0]
2019-05-20 14:54:58.398 DEBUG 10536 --- [    Test worker] org.hibernate.SQL                        : select movilentit0_.mov_placa as mov_plac1_2_1_, movilentit0_.mov_cilindraje as mov_cili2_2_1_, movilentit0_.mov_tipo_movil as mov_tipo3_2_1_, facturasen1_.mov_placa as mov_plac5_1_3_, facturasen1_.facId as facId1_1_3_, facturasen1_.facId as facId1_1_0_, facturasen1_.fac_fecha_ingreso as fac_fech2_1_0_, facturasen1_.fac_fecha_salida as fac_fech3_1_0_, facturasen1_.fac_valor as fac_valo4_1_0_, facturasen1_.mov_placa as mov_plac5_1_0_ from movil movilentit0_ left outer join factura facturasen1_ on movilentit0_.mov_placa=facturasen1_.mov_placa where movilentit0_.mov_placa=?
Hibernate: select movilentit0_.mov_placa as mov_plac1_2_1_, movilentit0_.mov_cilindraje as mov_cili2_2_1_, movilentit0_.mov_tipo_movil as mov_tipo3_2_1_, facturasen1_.mov_placa as mov_plac5_1_3_, facturasen1_.facId as facId1_1_3_, facturasen1_.facId as facId1_1_0_, facturasen1_.fac_fecha_ingreso as fac_fech2_1_0_, facturasen1_.fac_fecha_salida as fac_fech3_1_0_, facturasen1_.fac_valor as fac_valo4_1_0_, facturasen1_.mov_placa as mov_plac5_1_0_ from movil movilentit0_ left outer join factura facturasen1_ on movilentit0_.mov_placa=facturasen1_.mov_placa where movilentit0_.mov_placa=?
2019-05-20 14:54:58.401 TRACE 10536 --- [    Test worker] o.h.type.descriptor.sql.BasicBinder      : binding parameter [1] as [VARCHAR] - [SWH-0]
2019-05-20 14:54:58.406 DEBUG 10536 --- [    Test worker] org.hibernate.SQL                        : insert into movil (mov_cilindraje, mov_tipo_movil, mov_placa) values (?, ?, ?)
Hibernate: insert into movil (mov_cilindraje, mov_tipo_movil, mov_placa) values (?, ?, ?)
2019-05-20 14:54:58.406 TRACE 10536 --- [    Test worker] o.h.type.descriptor.sql.BasicBinder      : binding parameter [1] as [DOUBLE] - [150.0]
2019-05-20 14:54:58.407 TRACE 10536 --- [    Test worker] o.h.type.descriptor.sql.BasicBinder      : binding parameter [2] as [VARCHAR] - [MOTO]
2019-05-20 14:54:58.407 TRACE 10536 --- [    Test worker] o.h.type.descriptor.sql.BasicBinder      : binding parameter [3] as [VARCHAR] - [SWH-0]
2019-05-20 14:54:58.410 DEBUG 10536 --- [    Test worker] org.hibernate.SQL                        : select movilentit_.mov_placa, movilentit_.mov_cilindraje as mov_cili2_2_, movilentit_.mov_tipo_movil as mov_tipo3_2_ from movil movilentit_ where movilentit_.mov_placa=?
Hibernate: select movilentit_.mov_placa, movilentit_.mov_cilindraje as mov_cili2_2_, movilentit_.mov_tipo_movil as mov_tipo3_2_ from movil movilentit_ where movilentit_.mov_placa=?
2019-05-20 14:54:58.412 TRACE 10536 --- [    Test worker] o.h.type.descriptor.sql.BasicBinder      : binding parameter [1] as [VARCHAR] - [SWH-0]
2019-05-20 14:54:58.413 TRACE 10536 --- [    Test worker] o.h.type.descriptor.sql.BasicExtractor   : extracted value ([mov_cili2_2_] : [DOUBLE]) - [150.0]
2019-05-20 14:54:58.413 TRACE 10536 --- [    Test worker] o.h.type.descriptor.sql.BasicExtractor   : extracted value ([mov_tipo3_2_] : [VARCHAR]) - [MOTO]
2019-05-20 14:54:58.414 DEBUG 10536 --- [    Test worker] org.hibernate.SQL                        : insert into factura (facId, fac_fecha_ingreso, fac_fecha_salida, fac_valor, mov_placa) values (null, ?, ?, ?, ?)
Hibernate: insert into factura (facId, fac_fecha_ingreso, fac_fecha_salida, fac_valor, mov_placa) values (null, ?, ?, ?, ?)
2019-05-20 14:54:58.415 TRACE 10536 --- [    Test worker] o.h.type.descriptor.sql.BasicBinder      : binding parameter [1] as [TIMESTAMP] - [Mon May 20 14:54:58 COT 2019]
2019-05-20 14:54:58.415 TRACE 10536 --- [    Test worker] o.h.type.descriptor.sql.BasicBinder      : binding parameter [2] as [TIMESTAMP] - [null]
2019-05-20 14:54:58.415 TRACE 10536 --- [    Test worker] o.h.type.descriptor.sql.BasicBinder      : binding parameter [3] as [DOUBLE] - [0.0]
2019-05-20 14:54:58.415 TRACE 10536 --- [    Test worker] o.h.type.descriptor.sql.BasicBinder      : binding parameter [4] as [VARCHAR] - [SWH-0]
2019-05-20 14:54:58.418 DEBUG 10536 --- [    Test worker] org.hibernate.SQL                        : SELECT COUNT(*) FROM factura JOIN movil ON factura.mov_placa = movil.mov_placa WHERE movil.mov_tipo_movil = ? AND factura.fac_fecha_salida IS NULL
Hibernate: SELECT COUNT(*) FROM factura JOIN movil ON factura.mov_placa = movil.mov_placa WHERE movil.mov_tipo_movil = ? AND factura.fac_fecha_salida IS NULL
2019-05-20 14:54:58.423 TRACE 10536 --- [    Test worker] o.h.type.descriptor.sql.BasicBinder      : binding parameter [1] as [VARCHAR] - [MOTO]
2019-05-20 14:54:58.424 TRACE 10536 --- [    Test worker] o.h.type.descriptor.sql.BasicExtractor   : extracted value ([COUNT(*)] : [NUMERIC]) - [1]
2019-05-20 14:54:58.436 DEBUG 10536 --- [    Test worker] org.hibernate.SQL                        : SELECT COUNT(*) FROM factura WHERE mov_placa = ? AND fac_fecha_salida IS NULL
Hibernate: SELECT COUNT(*) FROM factura WHERE mov_placa = ? AND fac_fecha_salida IS NULL
2019-05-20 14:54:58.443 TRACE 10536 --- [    Test worker] o.h.type.descriptor.sql.BasicBinder      : binding parameter [1] as [VARCHAR] - [SWH-1]
2019-05-20 14:54:58.444 TRACE 10536 --- [    Test worker] o.h.type.descriptor.sql.BasicExtractor   : extracted value ([COUNT(*)] : [NUMERIC]) - [0]
2019-05-20 14:54:58.446 DEBUG 10536 --- [    Test worker] org.hibernate.SQL                        : select movilentit0_.mov_placa as mov_plac1_2_0_, movilentit0_.mov_cilindraje as mov_cili2_2_0_, movilentit0_.mov_tipo_movil as mov_tipo3_2_0_ from movil movilentit0_ where movilentit0_.mov_placa=?
Hibernate: select movilentit0_.mov_placa as mov_plac1_2_0_, movilentit0_.mov_cilindraje as mov_cili2_2_0_, movilentit0_.mov_tipo_movil as mov_tipo3_2_0_ from movil movilentit0_ where movilentit0_.mov_placa=?
2019-05-20 14:54:58.448 TRACE 10536 --- [    Test worker] o.h.type.descriptor.sql.BasicBinder      : binding parameter [1] as [VARCHAR] - [SWH-1]
2019-05-20 14:54:58.457 DEBUG 10536 --- [    Test worker] org.hibernate.SQL                        : select movilentit0_.mov_placa as mov_plac1_2_1_, movilentit0_.mov_cilindraje as mov_cili2_2_1_, movilentit0_.mov_tipo_movil as mov_tipo3_2_1_, facturasen1_.mov_placa as mov_plac5_1_3_, facturasen1_.facId as facId1_1_3_, facturasen1_.facId as facId1_1_0_, facturasen1_.fac_fecha_ingreso as fac_fech2_1_0_, facturasen1_.fac_fecha_salida as fac_fech3_1_0_, facturasen1_.fac_valor as fac_valo4_1_0_, facturasen1_.mov_placa as mov_plac5_1_0_ from movil movilentit0_ left outer join factura facturasen1_ on movilentit0_.mov_placa=facturasen1_.mov_placa where movilentit0_.mov_placa=?
Hibernate: select movilentit0_.mov_placa as mov_plac1_2_1_, movilentit0_.mov_cilindraje as mov_cili2_2_1_, movilentit0_.mov_tipo_movil as mov_tipo3_2_1_, facturasen1_.mov_placa as mov_plac5_1_3_, facturasen1_.facId as facId1_1_3_, facturasen1_.facId as facId1_1_0_, facturasen1_.fac_fecha_ingreso as fac_fech2_1_0_, facturasen1_.fac_fecha_salida as fac_fech3_1_0_, facturasen1_.fac_valor as fac_valo4_1_0_, facturasen1_.mov_placa as mov_plac5_1_0_ from movil movilentit0_ left outer join factura facturasen1_ on movilentit0_.mov_placa=facturasen1_.mov_placa where movilentit0_.mov_placa=?
2019-05-20 14:54:58.458 TRACE 10536 --- [    Test worker] o.h.type.descriptor.sql.BasicBinder      : binding parameter [1] as [VARCHAR] - [SWH-1]
2019-05-20 14:54:58.460 DEBUG 10536 --- [    Test worker] org.hibernate.SQL                        : insert into movil (mov_cilindraje, mov_tipo_movil, mov_placa) values (?, ?, ?)
Hibernate: insert into movil (mov_cilindraje, mov_tipo_movil, mov_placa) values (?, ?, ?)
2019-05-20 14:54:58.462 TRACE 10536 --- [    Test worker] o.h.type.descriptor.sql.BasicBinder      : binding parameter [1] as [DOUBLE] - [150.0]
2019-05-20 14:54:58.463 TRACE 10536 --- [    Test worker] o.h.type.descriptor.sql.BasicBinder      : binding parameter [2] as [VARCHAR] - [MOTO]
2019-05-20 14:54:58.463 TRACE 10536 --- [    Test worker] o.h.type.descriptor.sql.BasicBinder      : binding parameter [3] as [VARCHAR] - [SWH-1]
2019-05-20 14:54:58.468 DEBUG 10536 --- [    Test worker] org.hibernate.SQL                        : select movilentit_.mov_placa, movilentit_.mov_cilindraje as mov_cili2_2_, movilentit_.mov_tipo_movil as mov_tipo3_2_ from movil movilentit_ where movilentit_.mov_placa=?
Hibernate: select movilentit_.mov_placa, movilentit_.mov_cilindraje as mov_cili2_2_, movilentit_.mov_tipo_movil as mov_tipo3_2_ from movil movilentit_ where movilentit_.mov_placa=?
2019-05-20 14:54:58.470 TRACE 10536 --- [    Test worker] o.h.type.descriptor.sql.BasicBinder      : binding parameter [1] as [VARCHAR] - [SWH-1]
2019-05-20 14:54:58.471 TRACE 10536 --- [    Test worker] o.h.type.descriptor.sql.BasicExtractor   : extracted value ([mov_cili2_2_] : [DOUBLE]) - [150.0]
2019-05-20 14:54:58.471 TRACE 10536 --- [    Test worker] o.h.type.descriptor.sql.BasicExtractor   : extracted value ([mov_tipo3_2_] : [VARCHAR]) - [MOTO]
2019-05-20 14:54:58.475 DEBUG 10536 --- [    Test worker] org.hibernate.SQL                        : insert into factura (facId, fac_fecha_ingreso, fac_fecha_salida, fac_valor, mov_placa) values (null, ?, ?, ?, ?)
Hibernate: insert into factura (facId, fac_fecha_ingreso, fac_fecha_salida, fac_valor, mov_placa) values (null, ?, ?, ?, ?)
2019-05-20 14:54:58.476 TRACE 10536 --- [    Test worker] o.h.type.descriptor.sql.BasicBinder      : binding parameter [1] as [TIMESTAMP] - [Mon May 20 14:54:58 COT 2019]
2019-05-20 14:54:58.476 TRACE 10536 --- [    Test worker] o.h.type.descriptor.sql.BasicBinder      : binding parameter [2] as [TIMESTAMP] - [null]
2019-05-20 14:54:58.476 TRACE 10536 --- [    Test worker] o.h.type.descriptor.sql.BasicBinder      : binding parameter [3] as [DOUBLE] - [0.0]
2019-05-20 14:54:58.477 TRACE 10536 --- [    Test worker] o.h.type.descriptor.sql.BasicBinder      : binding parameter [4] as [VARCHAR] - [SWH-1]
2019-05-20 14:54:58.480 DEBUG 10536 --- [    Test worker] org.hibernate.SQL                        : SELECT COUNT(*) FROM factura JOIN movil ON factura.mov_placa = movil.mov_placa WHERE movil.mov_tipo_movil = ? AND factura.fac_fecha_salida IS NULL
Hibernate: SELECT COUNT(*) FROM factura JOIN movil ON factura.mov_placa = movil.mov_placa WHERE movil.mov_tipo_movil = ? AND factura.fac_fecha_salida IS NULL
2019-05-20 14:54:58.482 TRACE 10536 --- [    Test worker] o.h.type.descriptor.sql.BasicBinder      : binding parameter [1] as [VARCHAR] - [MOTO]
2019-05-20 14:54:58.484 TRACE 10536 --- [    Test worker] o.h.type.descriptor.sql.BasicExtractor   : extracted value ([COUNT(*)] : [NUMERIC]) - [2]
2019-05-20 14:54:58.486 DEBUG 10536 --- [    Test worker] org.hibernate.SQL                        : SELECT COUNT(*) FROM factura WHERE mov_placa = ? AND fac_fecha_salida IS NULL
Hibernate: SELECT COUNT(*) FROM factura WHERE mov_placa = ? AND fac_fecha_salida IS NULL
2019-05-20 14:54:58.487 TRACE 10536 --- [    Test worker] o.h.type.descriptor.sql.BasicBinder      : binding parameter [1] as [VARCHAR] - [SWH-2]
2019-05-20 14:54:58.488 TRACE 10536 --- [    Test worker] o.h.type.descriptor.sql.BasicExtractor   : extracted value ([COUNT(*)] : [NUMERIC]) - [0]
2019-05-20 14:54:58.493 DEBUG 10536 --- [    Test worker] org.hibernate.SQL                        : select movilentit0_.mov_placa as mov_plac1_2_0_, movilentit0_.mov_cilindraje as mov_cili2_2_0_, movilentit0_.mov_tipo_movil as mov_tipo3_2_0_ from movil movilentit0_ where movilentit0_.mov_placa=?
Hibernate: select movilentit0_.mov_placa as mov_plac1_2_0_, movilentit0_.mov_cilindraje as mov_cili2_2_0_, movilentit0_.mov_tipo_movil as mov_tipo3_2_0_ from movil movilentit0_ where movilentit0_.mov_placa=?
2019-05-20 14:54:58.495 TRACE 10536 --- [    Test worker] o.h.type.descriptor.sql.BasicBinder      : binding parameter [1] as [VARCHAR] - [SWH-2]
2019-05-20 14:54:58.498 DEBUG 10536 --- [    Test worker] org.hibernate.SQL                        : select movilentit0_.mov_placa as mov_plac1_2_1_, movilentit0_.mov_cilindraje as mov_cili2_2_1_, movilentit0_.mov_tipo_movil as mov_tipo3_2_1_, facturasen1_.mov_placa as mov_plac5_1_3_, facturasen1_.facId as facId1_1_3_, facturasen1_.facId as facId1_1_0_, facturasen1_.fac_fecha_ingreso as fac_fech2_1_0_, facturasen1_.fac_fecha_salida as fac_fech3_1_0_, facturasen1_.fac_valor as fac_valo4_1_0_, facturasen1_.mov_placa as mov_plac5_1_0_ from movil movilentit0_ left outer join factura facturasen1_ on movilentit0_.mov_placa=facturasen1_.mov_placa where movilentit0_.mov_placa=?
Hibernate: select movilentit0_.mov_placa as mov_plac1_2_1_, movilentit0_.mov_cilindraje as mov_cili2_2_1_, movilentit0_.mov_tipo_movil as mov_tipo3_2_1_, facturasen1_.mov_placa as mov_plac5_1_3_, facturasen1_.facId as facId1_1_3_, facturasen1_.facId as facId1_1_0_, facturasen1_.fac_fecha_ingreso as fac_fech2_1_0_, facturasen1_.fac_fecha_salida as fac_fech3_1_0_, facturasen1_.fac_valor as fac_valo4_1_0_, facturasen1_.mov_placa as mov_plac5_1_0_ from movil movilentit0_ left outer join factura facturasen1_ on movilentit0_.mov_placa=facturasen1_.mov_placa where movilentit0_.mov_placa=?
2019-05-20 14:54:58.502 TRACE 10536 --- [    Test worker] o.h.type.descriptor.sql.BasicBinder      : binding parameter [1] as [VARCHAR] - [SWH-2]
2019-05-20 14:54:58.505 DEBUG 10536 --- [    Test worker] org.hibernate.SQL                        : insert into movil (mov_cilindraje, mov_tipo_movil, mov_placa) values (?, ?, ?)
Hibernate: insert into movil (mov_cilindraje, mov_tipo_movil, mov_placa) values (?, ?, ?)
2019-05-20 14:54:58.507 TRACE 10536 --- [    Test worker] o.h.type.descriptor.sql.BasicBinder      : binding parameter [1] as [DOUBLE] - [150.0]
2019-05-20 14:54:58.508 TRACE 10536 --- [    Test worker] o.h.type.descriptor.sql.BasicBinder      : binding parameter [2] as [VARCHAR] - [MOTO]
2019-05-20 14:54:58.508 TRACE 10536 --- [    Test worker] o.h.type.descriptor.sql.BasicBinder      : binding parameter [3] as [VARCHAR] - [SWH-2]
2019-05-20 14:54:58.511 DEBUG 10536 --- [    Test worker] org.hibernate.SQL                        : select movilentit_.mov_placa, movilentit_.mov_cilindraje as mov_cili2_2_, movilentit_.mov_tipo_movil as mov_tipo3_2_ from movil movilentit_ where movilentit_.mov_placa=?
Hibernate: select movilentit_.mov_placa, movilentit_.mov_cilindraje as mov_cili2_2_, movilentit_.mov_tipo_movil as mov_tipo3_2_ from movil movilentit_ where movilentit_.mov_placa=?
2019-05-20 14:54:58.512 TRACE 10536 --- [    Test worker] o.h.type.descriptor.sql.BasicBinder      : binding parameter [1] as [VARCHAR] - [SWH-2]
2019-05-20 14:54:58.512 TRACE 10536 --- [    Test worker] o.h.type.descriptor.sql.BasicExtractor   : extracted value ([mov_cili2_2_] : [DOUBLE]) - [150.0]
2019-05-20 14:54:58.513 TRACE 10536 --- [    Test worker] o.h.type.descriptor.sql.BasicExtractor   : extracted value ([mov_tipo3_2_] : [VARCHAR]) - [MOTO]
2019-05-20 14:54:58.516 DEBUG 10536 --- [    Test worker] org.hibernate.SQL                        : insert into factura (facId, fac_fecha_ingreso, fac_fecha_salida, fac_valor, mov_placa) values (null, ?, ?, ?, ?)
Hibernate: insert into factura (facId, fac_fecha_ingreso, fac_fecha_salida, fac_valor, mov_placa) values (null, ?, ?, ?, ?)
2019-05-20 14:54:58.522 TRACE 10536 --- [    Test worker] o.h.type.descriptor.sql.BasicBinder      : binding parameter [1] as [TIMESTAMP] - [Mon May 20 14:54:58 COT 2019]
2019-05-20 14:54:58.523 TRACE 10536 --- [    Test worker] o.h.type.descriptor.sql.BasicBinder      : binding parameter [2] as [TIMESTAMP] - [null]
2019-05-20 14:54:58.524 TRACE 10536 --- [    Test worker] o.h.type.descriptor.sql.BasicBinder      : binding parameter [3] as [DOUBLE] - [0.0]
2019-05-20 14:54:58.524 TRACE 10536 --- [    Test worker] o.h.type.descriptor.sql.BasicBinder      : binding parameter [4] as [VARCHAR] - [SWH-2]
2019-05-20 14:54:58.527 DEBUG 10536 --- [    Test worker] org.hibernate.SQL                        : SELECT COUNT(*) FROM factura JOIN movil ON factura.mov_placa = movil.mov_placa WHERE movil.mov_tipo_movil = ? AND factura.fac_fecha_salida IS NULL
Hibernate: SELECT COUNT(*) FROM factura JOIN movil ON factura.mov_placa = movil.mov_placa WHERE movil.mov_tipo_movil = ? AND factura.fac_fecha_salida IS NULL
2019-05-20 14:54:58.536 TRACE 10536 --- [    Test worker] o.h.type.descriptor.sql.BasicBinder      : binding parameter [1] as [VARCHAR] - [MOTO]
2019-05-20 14:54:58.538 TRACE 10536 --- [    Test worker] o.h.type.descriptor.sql.BasicExtractor   : extracted value ([COUNT(*)] : [NUMERIC]) - [3]
2019-05-20 14:54:58.541 DEBUG 10536 --- [    Test worker] org.hibernate.SQL                        : SELECT COUNT(*) FROM factura WHERE mov_placa = ? AND fac_fecha_salida IS NULL
Hibernate: SELECT COUNT(*) FROM factura WHERE mov_placa = ? AND fac_fecha_salida IS NULL
2019-05-20 14:54:58.543 TRACE 10536 --- [    Test worker] o.h.type.descriptor.sql.BasicBinder      : binding parameter [1] as [VARCHAR] - [SWH-3]
2019-05-20 14:54:58.547 TRACE 10536 --- [    Test worker] o.h.type.descriptor.sql.BasicExtractor   : extracted value ([COUNT(*)] : [NUMERIC]) - [0]
2019-05-20 14:54:58.552 DEBUG 10536 --- [    Test worker] org.hibernate.SQL                        : select movilentit0_.mov_placa as mov_plac1_2_0_, movilentit0_.mov_cilindraje as mov_cili2_2_0_, movilentit0_.mov_tipo_movil as mov_tipo3_2_0_ from movil movilentit0_ where movilentit0_.mov_placa=?
Hibernate: select movilentit0_.mov_placa as mov_plac1_2_0_, movilentit0_.mov_cilindraje as mov_cili2_2_0_, movilentit0_.mov_tipo_movil as mov_tipo3_2_0_ from movil movilentit0_ where movilentit0_.mov_placa=?
2019-05-20 14:54:58.552 TRACE 10536 --- [    Test worker] o.h.type.descriptor.sql.BasicBinder      : binding parameter [1] as [VARCHAR] - [SWH-3]
2019-05-20 14:54:58.556 DEBUG 10536 --- [    Test worker] org.hibernate.SQL                        : select movilentit0_.mov_placa as mov_plac1_2_1_, movilentit0_.mov_cilindraje as mov_cili2_2_1_, movilentit0_.mov_tipo_movil as mov_tipo3_2_1_, facturasen1_.mov_placa as mov_plac5_1_3_, facturasen1_.facId as facId1_1_3_, facturasen1_.facId as facId1_1_0_, facturasen1_.fac_fecha_ingreso as fac_fech2_1_0_, facturasen1_.fac_fecha_salida as fac_fech3_1_0_, facturasen1_.fac_valor as fac_valo4_1_0_, facturasen1_.mov_placa as mov_plac5_1_0_ from movil movilentit0_ left outer join factura facturasen1_ on movilentit0_.mov_placa=facturasen1_.mov_placa where movilentit0_.mov_placa=?
Hibernate: select movilentit0_.mov_placa as mov_plac1_2_1_, movilentit0_.mov_cilindraje as mov_cili2_2_1_, movilentit0_.mov_tipo_movil as mov_tipo3_2_1_, facturasen1_.mov_placa as mov_plac5_1_3_, facturasen1_.facId as facId1_1_3_, facturasen1_.facId as facId1_1_0_, facturasen1_.fac_fecha_ingreso as fac_fech2_1_0_, facturasen1_.fac_fecha_salida as fac_fech3_1_0_, facturasen1_.fac_valor as fac_valo4_1_0_, facturasen1_.mov_placa as mov_plac5_1_0_ from movil movilentit0_ left outer join factura facturasen1_ on movilentit0_.mov_placa=facturasen1_.mov_placa where movilentit0_.mov_placa=?
2019-05-20 14:54:58.557 TRACE 10536 --- [    Test worker] o.h.type.descriptor.sql.BasicBinder      : binding parameter [1] as [VARCHAR] - [SWH-3]
2019-05-20 14:54:58.562 DEBUG 10536 --- [    Test worker] org.hibernate.SQL                        : insert into movil (mov_cilindraje, mov_tipo_movil, mov_placa) values (?, ?, ?)
Hibernate: insert into movil (mov_cilindraje, mov_tipo_movil, mov_placa) values (?, ?, ?)
2019-05-20 14:54:58.564 TRACE 10536 --- [    Test worker] o.h.type.descriptor.sql.BasicBinder      : binding parameter [1] as [DOUBLE] - [150.0]
2019-05-20 14:54:58.564 TRACE 10536 --- [    Test worker] o.h.type.descriptor.sql.BasicBinder      : binding parameter [2] as [VARCHAR] - [MOTO]
2019-05-20 14:54:58.564 TRACE 10536 --- [    Test worker] o.h.type.descriptor.sql.BasicBinder      : binding parameter [3] as [VARCHAR] - [SWH-3]
2019-05-20 14:54:58.567 DEBUG 10536 --- [    Test worker] org.hibernate.SQL                        : select movilentit_.mov_placa, movilentit_.mov_cilindraje as mov_cili2_2_, movilentit_.mov_tipo_movil as mov_tipo3_2_ from movil movilentit_ where movilentit_.mov_placa=?
Hibernate: select movilentit_.mov_placa, movilentit_.mov_cilindraje as mov_cili2_2_, movilentit_.mov_tipo_movil as mov_tipo3_2_ from movil movilentit_ where movilentit_.mov_placa=?
2019-05-20 14:54:58.568 TRACE 10536 --- [    Test worker] o.h.type.descriptor.sql.BasicBinder      : binding parameter [1] as [VARCHAR] - [SWH-3]
2019-05-20 14:54:58.569 TRACE 10536 --- [    Test worker] o.h.type.descriptor.sql.BasicExtractor   : extracted value ([mov_cili2_2_] : [DOUBLE]) - [150.0]
2019-05-20 14:54:58.569 TRACE 10536 --- [    Test worker] o.h.type.descriptor.sql.BasicExtractor   : extracted value ([mov_tipo3_2_] : [VARCHAR]) - [MOTO]
2019-05-20 14:54:58.571 DEBUG 10536 --- [    Test worker] org.hibernate.SQL                        : insert into factura (facId, fac_fecha_ingreso, fac_fecha_salida, fac_valor, mov_placa) values (null, ?, ?, ?, ?)
Hibernate: insert into factura (facId, fac_fecha_ingreso, fac_fecha_salida, fac_valor, mov_placa) values (null, ?, ?, ?, ?)
2019-05-20 14:54:58.572 TRACE 10536 --- [    Test worker] o.h.type.descriptor.sql.BasicBinder      : binding parameter [1] as [TIMESTAMP] - [Mon May 20 14:54:58 COT 2019]
2019-05-20 14:54:58.572 TRACE 10536 --- [    Test worker] o.h.type.descriptor.sql.BasicBinder      : binding parameter [2] as [TIMESTAMP] - [null]
2019-05-20 14:54:58.572 TRACE 10536 --- [    Test worker] o.h.type.descriptor.sql.BasicBinder      : binding parameter [3] as [DOUBLE] - [0.0]
2019-05-20 14:54:58.572 TRACE 10536 --- [    Test worker] o.h.type.descriptor.sql.BasicBinder      : binding parameter [4] as [VARCHAR] - [SWH-3]
2019-05-20 14:54:58.575 DEBUG 10536 --- [    Test worker] org.hibernate.SQL                        : SELECT COUNT(*) FROM factura JOIN movil ON factura.mov_placa = movil.mov_placa WHERE movil.mov_tipo_movil = ? AND factura.fac_fecha_salida IS NULL
Hibernate: SELECT COUNT(*) FROM factura JOIN movil ON factura.mov_placa = movil.mov_placa WHERE movil.mov_tipo_movil = ? AND factura.fac_fecha_salida IS NULL
2019-05-20 14:54:58.576 TRACE 10536 --- [    Test worker] o.h.type.descriptor.sql.BasicBinder      : binding parameter [1] as [VARCHAR] - [MOTO]
2019-05-20 14:54:58.577 TRACE 10536 --- [    Test worker] o.h.type.descriptor.sql.BasicExtractor   : extracted value ([COUNT(*)] : [NUMERIC]) - [4]
2019-05-20 14:54:58.588 DEBUG 10536 --- [    Test worker] org.hibernate.SQL                        : SELECT COUNT(*) FROM factura WHERE mov_placa = ? AND fac_fecha_salida IS NULL
Hibernate: SELECT COUNT(*) FROM factura WHERE mov_placa = ? AND fac_fecha_salida IS NULL
2019-05-20 14:54:58.634 TRACE 10536 --- [    Test worker] o.h.type.descriptor.sql.BasicBinder      : binding parameter [1] as [VARCHAR] - [SWH-4]
2019-05-20 14:54:58.635 TRACE 10536 --- [    Test worker] o.h.type.descriptor.sql.BasicExtractor   : extracted value ([COUNT(*)] : [NUMERIC]) - [0]
2019-05-20 14:54:58.642 DEBUG 10536 --- [    Test worker] org.hibernate.SQL                        : select movilentit0_.mov_placa as mov_plac1_2_0_, movilentit0_.mov_cilindraje as mov_cili2_2_0_, movilentit0_.mov_tipo_movil as mov_tipo3_2_0_ from movil movilentit0_ where movilentit0_.mov_placa=?
Hibernate: select movilentit0_.mov_placa as mov_plac1_2_0_, movilentit0_.mov_cilindraje as mov_cili2_2_0_, movilentit0_.mov_tipo_movil as mov_tipo3_2_0_ from movil movilentit0_ where movilentit0_.mov_placa=?
2019-05-20 14:54:58.644 TRACE 10536 --- [    Test worker] o.h.type.descriptor.sql.BasicBinder      : binding parameter [1] as [VARCHAR] - [SWH-4]
2019-05-20 14:54:58.648 DEBUG 10536 --- [    Test worker] org.hibernate.SQL                        : select movilentit0_.mov_placa as mov_plac1_2_1_, movilentit0_.mov_cilindraje as mov_cili2_2_1_, movilentit0_.mov_tipo_movil as mov_tipo3_2_1_, facturasen1_.mov_placa as mov_plac5_1_3_, facturasen1_.facId as facId1_1_3_, facturasen1_.facId as facId1_1_0_, facturasen1_.fac_fecha_ingreso as fac_fech2_1_0_, facturasen1_.fac_fecha_salida as fac_fech3_1_0_, facturasen1_.fac_valor as fac_valo4_1_0_, facturasen1_.mov_placa as mov_plac5_1_0_ from movil movilentit0_ left outer join factura facturasen1_ on movilentit0_.mov_placa=facturasen1_.mov_placa where movilentit0_.mov_placa=?
Hibernate: select movilentit0_.mov_placa as mov_plac1_2_1_, movilentit0_.mov_cilindraje as mov_cili2_2_1_, movilentit0_.mov_tipo_movil as mov_tipo3_2_1_, facturasen1_.mov_placa as mov_plac5_1_3_, facturasen1_.facId as facId1_1_3_, facturasen1_.facId as facId1_1_0_, facturasen1_.fac_fecha_ingreso as fac_fech2_1_0_, facturasen1_.fac_fecha_salida as fac_fech3_1_0_, facturasen1_.fac_valor as fac_valo4_1_0_, facturasen1_.mov_placa as mov_plac5_1_0_ from movil movilentit0_ left outer join factura facturasen1_ on movilentit0_.mov_placa=facturasen1_.mov_placa where movilentit0_.mov_placa=?
2019-05-20 14:54:58.651 TRACE 10536 --- [    Test worker] o.h.type.descriptor.sql.BasicBinder      : binding parameter [1] as [VARCHAR] - [SWH-4]
2019-05-20 14:54:58.653 DEBUG 10536 --- [    Test worker] org.hibernate.SQL                        : insert into movil (mov_cilindraje, mov_tipo_movil, mov_placa) values (?, ?, ?)
Hibernate: insert into movil (mov_cilindraje, mov_tipo_movil, mov_placa) values (?, ?, ?)
2019-05-20 14:54:58.653 TRACE 10536 --- [    Test worker] o.h.type.descriptor.sql.BasicBinder      : binding parameter [1] as [DOUBLE] - [150.0]
2019-05-20 14:54:58.653 TRACE 10536 --- [    Test worker] o.h.type.descriptor.sql.BasicBinder      : binding parameter [2] as [VARCHAR] - [MOTO]
2019-05-20 14:54:58.653 TRACE 10536 --- [    Test worker] o.h.type.descriptor.sql.BasicBinder      : binding parameter [3] as [VARCHAR] - [SWH-4]
2019-05-20 14:54:58.656 DEBUG 10536 --- [    Test worker] org.hibernate.SQL                        : select movilentit_.mov_placa, movilentit_.mov_cilindraje as mov_cili2_2_, movilentit_.mov_tipo_movil as mov_tipo3_2_ from movil movilentit_ where movilentit_.mov_placa=?
Hibernate: select movilentit_.mov_placa, movilentit_.mov_cilindraje as mov_cili2_2_, movilentit_.mov_tipo_movil as mov_tipo3_2_ from movil movilentit_ where movilentit_.mov_placa=?
2019-05-20 14:54:58.656 TRACE 10536 --- [    Test worker] o.h.type.descriptor.sql.BasicBinder      : binding parameter [1] as [VARCHAR] - [SWH-4]
2019-05-20 14:54:58.657 TRACE 10536 --- [    Test worker] o.h.type.descriptor.sql.BasicExtractor   : extracted value ([mov_cili2_2_] : [DOUBLE]) - [150.0]
2019-05-20 14:54:58.657 TRACE 10536 --- [    Test worker] o.h.type.descriptor.sql.BasicExtractor   : extracted value ([mov_tipo3_2_] : [VARCHAR]) - [MOTO]
2019-05-20 14:54:58.658 DEBUG 10536 --- [    Test worker] org.hibernate.SQL                        : insert into factura (facId, fac_fecha_ingreso, fac_fecha_salida, fac_valor, mov_placa) values (null, ?, ?, ?, ?)
Hibernate: insert into factura (facId, fac_fecha_ingreso, fac_fecha_salida, fac_valor, mov_placa) values (null, ?, ?, ?, ?)
2019-05-20 14:54:58.658 TRACE 10536 --- [    Test worker] o.h.type.descriptor.sql.BasicBinder      : binding parameter [1] as [TIMESTAMP] - [Mon May 20 14:54:58 COT 2019]
2019-05-20 14:54:58.659 TRACE 10536 --- [    Test worker] o.h.type.descriptor.sql.BasicBinder      : binding parameter [2] as [TIMESTAMP] - [null]
2019-05-20 14:54:58.659 TRACE 10536 --- [    Test worker] o.h.type.descriptor.sql.BasicBinder      : binding parameter [3] as [DOUBLE] - [0.0]
2019-05-20 14:54:58.659 TRACE 10536 --- [    Test worker] o.h.type.descriptor.sql.BasicBinder      : binding parameter [4] as [VARCHAR] - [SWH-4]
2019-05-20 14:54:58.663 DEBUG 10536 --- [    Test worker] org.hibernate.SQL                        : SELECT COUNT(*) FROM factura JOIN movil ON factura.mov_placa = movil.mov_placa WHERE movil.mov_tipo_movil = ? AND factura.fac_fecha_salida IS NULL
Hibernate: SELECT COUNT(*) FROM factura JOIN movil ON factura.mov_placa = movil.mov_placa WHERE movil.mov_tipo_movil = ? AND factura.fac_fecha_salida IS NULL
2019-05-20 14:54:58.664 TRACE 10536 --- [    Test worker] o.h.type.descriptor.sql.BasicBinder      : binding parameter [1] as [VARCHAR] - [MOTO]
2019-05-20 14:54:58.666 TRACE 10536 --- [    Test worker] o.h.type.descriptor.sql.BasicExtractor   : extracted value ([COUNT(*)] : [NUMERIC]) - [5]
2019-05-20 14:54:58.667 DEBUG 10536 --- [    Test worker] org.hibernate.SQL                        : SELECT COUNT(*) FROM factura WHERE mov_placa = ? AND fac_fecha_salida IS NULL
Hibernate: SELECT COUNT(*) FROM factura WHERE mov_placa = ? AND fac_fecha_salida IS NULL
2019-05-20 14:54:58.668 TRACE 10536 --- [    Test worker] o.h.type.descriptor.sql.BasicBinder      : binding parameter [1] as [VARCHAR] - [SWH-5]
2019-05-20 14:54:58.669 TRACE 10536 --- [    Test worker] o.h.type.descriptor.sql.BasicExtractor   : extracted value ([COUNT(*)] : [NUMERIC]) - [0]
2019-05-20 14:54:58.673 DEBUG 10536 --- [    Test worker] org.hibernate.SQL                        : select movilentit0_.mov_placa as mov_plac1_2_0_, movilentit0_.mov_cilindraje as mov_cili2_2_0_, movilentit0_.mov_tipo_movil as mov_tipo3_2_0_ from movil movilentit0_ where movilentit0_.mov_placa=?
Hibernate: select movilentit0_.mov_placa as mov_plac1_2_0_, movilentit0_.mov_cilindraje as mov_cili2_2_0_, movilentit0_.mov_tipo_movil as mov_tipo3_2_0_ from movil movilentit0_ where movilentit0_.mov_placa=?
2019-05-20 14:54:58.674 TRACE 10536 --- [    Test worker] o.h.type.descriptor.sql.BasicBinder      : binding parameter [1] as [VARCHAR] - [SWH-5]
2019-05-20 14:54:58.678 DEBUG 10536 --- [    Test worker] org.hibernate.SQL                        : select movilentit0_.mov_placa as mov_plac1_2_1_, movilentit0_.mov_cilindraje as mov_cili2_2_1_, movilentit0_.mov_tipo_movil as mov_tipo3_2_1_, facturasen1_.mov_placa as mov_plac5_1_3_, facturasen1_.facId as facId1_1_3_, facturasen1_.facId as facId1_1_0_, facturasen1_.fac_fecha_ingreso as fac_fech2_1_0_, facturasen1_.fac_fecha_salida as fac_fech3_1_0_, facturasen1_.fac_valor as fac_valo4_1_0_, facturasen1_.mov_placa as mov_plac5_1_0_ from movil movilentit0_ left outer join factura facturasen1_ on movilentit0_.mov_placa=facturasen1_.mov_placa where movilentit0_.mov_placa=?
Hibernate: select movilentit0_.mov_placa as mov_plac1_2_1_, movilentit0_.mov_cilindraje as mov_cili2_2_1_, movilentit0_.mov_tipo_movil as mov_tipo3_2_1_, facturasen1_.mov_placa as mov_plac5_1_3_, facturasen1_.facId as facId1_1_3_, facturasen1_.facId as facId1_1_0_, facturasen1_.fac_fecha_ingreso as fac_fech2_1_0_, facturasen1_.fac_fecha_salida as fac_fech3_1_0_, facturasen1_.fac_valor as fac_valo4_1_0_, facturasen1_.mov_placa as mov_plac5_1_0_ from movil movilentit0_ left outer join factura facturasen1_ on movilentit0_.mov_placa=facturasen1_.mov_placa where movilentit0_.mov_placa=?
2019-05-20 14:54:58.679 TRACE 10536 --- [    Test worker] o.h.type.descriptor.sql.BasicBinder      : binding parameter [1] as [VARCHAR] - [SWH-5]
2019-05-20 14:54:58.683 DEBUG 10536 --- [    Test worker] org.hibernate.SQL                        : insert into movil (mov_cilindraje, mov_tipo_movil, mov_placa) values (?, ?, ?)
Hibernate: insert into movil (mov_cilindraje, mov_tipo_movil, mov_placa) values (?, ?, ?)
2019-05-20 14:54:58.683 TRACE 10536 --- [    Test worker] o.h.type.descriptor.sql.BasicBinder      : binding parameter [1] as [DOUBLE] - [150.0]
2019-05-20 14:54:58.683 TRACE 10536 --- [    Test worker] o.h.type.descriptor.sql.BasicBinder      : binding parameter [2] as [VARCHAR] - [MOTO]
2019-05-20 14:54:58.683 TRACE 10536 --- [    Test worker] o.h.type.descriptor.sql.BasicBinder      : binding parameter [3] as [VARCHAR] - [SWH-5]
2019-05-20 14:54:58.687 DEBUG 10536 --- [    Test worker] org.hibernate.SQL                        : select movilentit_.mov_placa, movilentit_.mov_cilindraje as mov_cili2_2_, movilentit_.mov_tipo_movil as mov_tipo3_2_ from movil movilentit_ where movilentit_.mov_placa=?
Hibernate: select movilentit_.mov_placa, movilentit_.mov_cilindraje as mov_cili2_2_, movilentit_.mov_tipo_movil as mov_tipo3_2_ from movil movilentit_ where movilentit_.mov_placa=?
2019-05-20 14:54:58.687 TRACE 10536 --- [    Test worker] o.h.type.descriptor.sql.BasicBinder      : binding parameter [1] as [VARCHAR] - [SWH-5]
2019-05-20 14:54:58.688 TRACE 10536 --- [    Test worker] o.h.type.descriptor.sql.BasicExtractor   : extracted value ([mov_cili2_2_] : [DOUBLE]) - [150.0]
2019-05-20 14:54:58.688 TRACE 10536 --- [    Test worker] o.h.type.descriptor.sql.BasicExtractor   : extracted value ([mov_tipo3_2_] : [VARCHAR]) - [MOTO]
2019-05-20 14:54:58.689 DEBUG 10536 --- [    Test worker] org.hibernate.SQL                        : insert into factura (facId, fac_fecha_ingreso, fac_fecha_salida, fac_valor, mov_placa) values (null, ?, ?, ?, ?)
Hibernate: insert into factura (facId, fac_fecha_ingreso, fac_fecha_salida, fac_valor, mov_placa) values (null, ?, ?, ?, ?)
2019-05-20 14:54:58.689 TRACE 10536 --- [    Test worker] o.h.type.descriptor.sql.BasicBinder      : binding parameter [1] as [TIMESTAMP] - [Mon May 20 14:54:58 COT 2019]
2019-05-20 14:54:58.689 TRACE 10536 --- [    Test worker] o.h.type.descriptor.sql.BasicBinder      : binding parameter [2] as [TIMESTAMP] - [null]
2019-05-20 14:54:58.689 TRACE 10536 --- [    Test worker] o.h.type.descriptor.sql.BasicBinder      : binding parameter [3] as [DOUBLE] - [0.0]
2019-05-20 14:54:58.689 TRACE 10536 --- [    Test worker] o.h.type.descriptor.sql.BasicBinder      : binding parameter [4] as [VARCHAR] - [SWH-5]
2019-05-20 14:54:58.693 DEBUG 10536 --- [    Test worker] org.hibernate.SQL                        : SELECT COUNT(*) FROM factura JOIN movil ON factura.mov_placa = movil.mov_placa WHERE movil.mov_tipo_movil = ? AND factura.fac_fecha_salida IS NULL
Hibernate: SELECT COUNT(*) FROM factura JOIN movil ON factura.mov_placa = movil.mov_placa WHERE movil.mov_tipo_movil = ? AND factura.fac_fecha_salida IS NULL
2019-05-20 14:54:58.694 TRACE 10536 --- [    Test worker] o.h.type.descriptor.sql.BasicBinder      : binding parameter [1] as [VARCHAR] - [MOTO]
2019-05-20 14:54:58.695 TRACE 10536 --- [    Test worker] o.h.type.descriptor.sql.BasicExtractor   : extracted value ([COUNT(*)] : [NUMERIC]) - [6]
2019-05-20 14:54:58.697 DEBUG 10536 --- [    Test worker] org.hibernate.SQL                        : SELECT COUNT(*) FROM factura WHERE mov_placa = ? AND fac_fecha_salida IS NULL
Hibernate: SELECT COUNT(*) FROM factura WHERE mov_placa = ? AND fac_fecha_salida IS NULL
2019-05-20 14:54:58.698 TRACE 10536 --- [    Test worker] o.h.type.descriptor.sql.BasicBinder      : binding parameter [1] as [VARCHAR] - [SWH-6]
2019-05-20 14:54:58.699 TRACE 10536 --- [    Test worker] o.h.type.descriptor.sql.BasicExtractor   : extracted value ([COUNT(*)] : [NUMERIC]) - [0]
2019-05-20 14:54:58.703 DEBUG 10536 --- [    Test worker] org.hibernate.SQL                        : select movilentit0_.mov_placa as mov_plac1_2_0_, movilentit0_.mov_cilindraje as mov_cili2_2_0_, movilentit0_.mov_tipo_movil as mov_tipo3_2_0_ from movil movilentit0_ where movilentit0_.mov_placa=?
Hibernate: select movilentit0_.mov_placa as mov_plac1_2_0_, movilentit0_.mov_cilindraje as mov_cili2_2_0_, movilentit0_.mov_tipo_movil as mov_tipo3_2_0_ from movil movilentit0_ where movilentit0_.mov_placa=?
2019-05-20 14:54:58.704 TRACE 10536 --- [    Test worker] o.h.type.descriptor.sql.BasicBinder      : binding parameter [1] as [VARCHAR] - [SWH-6]
2019-05-20 14:54:58.707 DEBUG 10536 --- [    Test worker] org.hibernate.SQL                        : select movilentit0_.mov_placa as mov_plac1_2_1_, movilentit0_.mov_cilindraje as mov_cili2_2_1_, movilentit0_.mov_tipo_movil as mov_tipo3_2_1_, facturasen1_.mov_placa as mov_plac5_1_3_, facturasen1_.facId as facId1_1_3_, facturasen1_.facId as facId1_1_0_, facturasen1_.fac_fecha_ingreso as fac_fech2_1_0_, facturasen1_.fac_fecha_salida as fac_fech3_1_0_, facturasen1_.fac_valor as fac_valo4_1_0_, facturasen1_.mov_placa as mov_plac5_1_0_ from movil movilentit0_ left outer join factura facturasen1_ on movilentit0_.mov_placa=facturasen1_.mov_placa where movilentit0_.mov_placa=?
Hibernate: select movilentit0_.mov_placa as mov_plac1_2_1_, movilentit0_.mov_cilindraje as mov_cili2_2_1_, movilentit0_.mov_tipo_movil as mov_tipo3_2_1_, facturasen1_.mov_placa as mov_plac5_1_3_, facturasen1_.facId as facId1_1_3_, facturasen1_.facId as facId1_1_0_, facturasen1_.fac_fecha_ingreso as fac_fech2_1_0_, facturasen1_.fac_fecha_salida as fac_fech3_1_0_, facturasen1_.fac_valor as fac_valo4_1_0_, facturasen1_.mov_placa as mov_plac5_1_0_ from movil movilentit0_ left outer join factura facturasen1_ on movilentit0_.mov_placa=facturasen1_.mov_placa where movilentit0_.mov_placa=?
2019-05-20 14:54:58.708 TRACE 10536 --- [    Test worker] o.h.type.descriptor.sql.BasicBinder      : binding parameter [1] as [VARCHAR] - [SWH-6]
2019-05-20 14:54:58.711 DEBUG 10536 --- [    Test worker] org.hibernate.SQL                        : insert into movil (mov_cilindraje, mov_tipo_movil, mov_placa) values (?, ?, ?)
Hibernate: insert into movil (mov_cilindraje, mov_tipo_movil, mov_placa) values (?, ?, ?)
2019-05-20 14:54:58.711 TRACE 10536 --- [    Test worker] o.h.type.descriptor.sql.BasicBinder      : binding parameter [1] as [DOUBLE] - [150.0]
2019-05-20 14:54:58.711 TRACE 10536 --- [    Test worker] o.h.type.descriptor.sql.BasicBinder      : binding parameter [2] as [VARCHAR] - [MOTO]
2019-05-20 14:54:58.711 TRACE 10536 --- [    Test worker] o.h.type.descriptor.sql.BasicBinder      : binding parameter [3] as [VARCHAR] - [SWH-6]
2019-05-20 14:54:58.714 DEBUG 10536 --- [    Test worker] org.hibernate.SQL                        : select movilentit_.mov_placa, movilentit_.mov_cilindraje as mov_cili2_2_, movilentit_.mov_tipo_movil as mov_tipo3_2_ from movil movilentit_ where movilentit_.mov_placa=?
Hibernate: select movilentit_.mov_placa, movilentit_.mov_cilindraje as mov_cili2_2_, movilentit_.mov_tipo_movil as mov_tipo3_2_ from movil movilentit_ where movilentit_.mov_placa=?
2019-05-20 14:54:58.716 TRACE 10536 --- [    Test worker] o.h.type.descriptor.sql.BasicBinder      : binding parameter [1] as [VARCHAR] - [SWH-6]
2019-05-20 14:54:58.716 TRACE 10536 --- [    Test worker] o.h.type.descriptor.sql.BasicExtractor   : extracted value ([mov_cili2_2_] : [DOUBLE]) - [150.0]
2019-05-20 14:54:58.716 TRACE 10536 --- [    Test worker] o.h.type.descriptor.sql.BasicExtractor   : extracted value ([mov_tipo3_2_] : [VARCHAR]) - [MOTO]
2019-05-20 14:54:58.717 DEBUG 10536 --- [    Test worker] org.hibernate.SQL                        : insert into factura (facId, fac_fecha_ingreso, fac_fecha_salida, fac_valor, mov_placa) values (null, ?, ?, ?, ?)
Hibernate: insert into factura (facId, fac_fecha_ingreso, fac_fecha_salida, fac_valor, mov_placa) values (null, ?, ?, ?, ?)
2019-05-20 14:54:58.718 TRACE 10536 --- [    Test worker] o.h.type.descriptor.sql.BasicBinder      : binding parameter [1] as [TIMESTAMP] - [Mon May 20 14:54:58 COT 2019]
2019-05-20 14:54:58.718 TRACE 10536 --- [    Test worker] o.h.type.descriptor.sql.BasicBinder      : binding parameter [2] as [TIMESTAMP] - [null]
2019-05-20 14:54:58.718 TRACE 10536 --- [    Test worker] o.h.type.descriptor.sql.BasicBinder      : binding parameter [3] as [DOUBLE] - [0.0]
2019-05-20 14:54:58.718 TRACE 10536 --- [    Test worker] o.h.type.descriptor.sql.BasicBinder      : binding parameter [4] as [VARCHAR] - [SWH-6]
2019-05-20 14:54:58.722 DEBUG 10536 --- [    Test worker] org.hibernate.SQL                        : SELECT COUNT(*) FROM factura JOIN movil ON factura.mov_placa = movil.mov_placa WHERE movil.mov_tipo_movil = ? AND factura.fac_fecha_salida IS NULL
Hibernate: SELECT COUNT(*) FROM factura JOIN movil ON factura.mov_placa = movil.mov_placa WHERE movil.mov_tipo_movil = ? AND factura.fac_fecha_salida IS NULL
2019-05-20 14:54:58.723 TRACE 10536 --- [    Test worker] o.h.type.descriptor.sql.BasicBinder      : binding parameter [1] as [VARCHAR] - [MOTO]
2019-05-20 14:54:58.724 TRACE 10536 --- [    Test worker] o.h.type.descriptor.sql.BasicExtractor   : extracted value ([COUNT(*)] : [NUMERIC]) - [7]
2019-05-20 14:54:58.726 DEBUG 10536 --- [    Test worker] org.hibernate.SQL                        : SELECT COUNT(*) FROM factura WHERE mov_placa = ? AND fac_fecha_salida IS NULL
Hibernate: SELECT COUNT(*) FROM factura WHERE mov_placa = ? AND fac_fecha_salida IS NULL
2019-05-20 14:54:58.727 TRACE 10536 --- [    Test worker] o.h.type.descriptor.sql.BasicBinder      : binding parameter [1] as [VARCHAR] - [SWH-7]
2019-05-20 14:54:58.728 TRACE 10536 --- [    Test worker] o.h.type.descriptor.sql.BasicExtractor   : extracted value ([COUNT(*)] : [NUMERIC]) - [0]
2019-05-20 14:54:58.729 DEBUG 10536 --- [    Test worker] org.hibernate.SQL                        : select movilentit0_.mov_placa as mov_plac1_2_0_, movilentit0_.mov_cilindraje as mov_cili2_2_0_, movilentit0_.mov_tipo_movil as mov_tipo3_2_0_ from movil movilentit0_ where movilentit0_.mov_placa=?
Hibernate: select movilentit0_.mov_placa as mov_plac1_2_0_, movilentit0_.mov_cilindraje as mov_cili2_2_0_, movilentit0_.mov_tipo_movil as mov_tipo3_2_0_ from movil movilentit0_ where movilentit0_.mov_placa=?
2019-05-20 14:54:58.731 TRACE 10536 --- [    Test worker] o.h.type.descriptor.sql.BasicBinder      : binding parameter [1] as [VARCHAR] - [SWH-7]
2019-05-20 14:54:58.734 DEBUG 10536 --- [    Test worker] org.hibernate.SQL                        : select movilentit0_.mov_placa as mov_plac1_2_1_, movilentit0_.mov_cilindraje as mov_cili2_2_1_, movilentit0_.mov_tipo_movil as mov_tipo3_2_1_, facturasen1_.mov_placa as mov_plac5_1_3_, facturasen1_.facId as facId1_1_3_, facturasen1_.facId as facId1_1_0_, facturasen1_.fac_fecha_ingreso as fac_fech2_1_0_, facturasen1_.fac_fecha_salida as fac_fech3_1_0_, facturasen1_.fac_valor as fac_valo4_1_0_, facturasen1_.mov_placa as mov_plac5_1_0_ from movil movilentit0_ left outer join factura facturasen1_ on movilentit0_.mov_placa=facturasen1_.mov_placa where movilentit0_.mov_placa=?
Hibernate: select movilentit0_.mov_placa as mov_plac1_2_1_, movilentit0_.mov_cilindraje as mov_cili2_2_1_, movilentit0_.mov_tipo_movil as mov_tipo3_2_1_, facturasen1_.mov_placa as mov_plac5_1_3_, facturasen1_.facId as facId1_1_3_, facturasen1_.facId as facId1_1_0_, facturasen1_.fac_fecha_ingreso as fac_fech2_1_0_, facturasen1_.fac_fecha_salida as fac_fech3_1_0_, facturasen1_.fac_valor as fac_valo4_1_0_, facturasen1_.mov_placa as mov_plac5_1_0_ from movil movilentit0_ left outer join factura facturasen1_ on movilentit0_.mov_placa=facturasen1_.mov_placa where movilentit0_.mov_placa=?
2019-05-20 14:54:58.735 TRACE 10536 --- [    Test worker] o.h.type.descriptor.sql.BasicBinder      : binding parameter [1] as [VARCHAR] - [SWH-7]
2019-05-20 14:54:58.737 DEBUG 10536 --- [    Test worker] org.hibernate.SQL                        : insert into movil (mov_cilindraje, mov_tipo_movil, mov_placa) values (?, ?, ?)
Hibernate: insert into movil (mov_cilindraje, mov_tipo_movil, mov_placa) values (?, ?, ?)
2019-05-20 14:54:58.737 TRACE 10536 --- [    Test worker] o.h.type.descriptor.sql.BasicBinder      : binding parameter [1] as [DOUBLE] - [150.0]
2019-05-20 14:54:58.737 TRACE 10536 --- [    Test worker] o.h.type.descriptor.sql.BasicBinder      : binding parameter [2] as [VARCHAR] - [MOTO]
2019-05-20 14:54:58.737 TRACE 10536 --- [    Test worker] o.h.type.descriptor.sql.BasicBinder      : binding parameter [3] as [VARCHAR] - [SWH-7]
2019-05-20 14:54:58.740 DEBUG 10536 --- [    Test worker] org.hibernate.SQL                        : select movilentit_.mov_placa, movilentit_.mov_cilindraje as mov_cili2_2_, movilentit_.mov_tipo_movil as mov_tipo3_2_ from movil movilentit_ where movilentit_.mov_placa=?
Hibernate: select movilentit_.mov_placa, movilentit_.mov_cilindraje as mov_cili2_2_, movilentit_.mov_tipo_movil as mov_tipo3_2_ from movil movilentit_ where movilentit_.mov_placa=?
2019-05-20 14:54:58.741 TRACE 10536 --- [    Test worker] o.h.type.descriptor.sql.BasicBinder      : binding parameter [1] as [VARCHAR] - [SWH-7]
2019-05-20 14:54:58.741 TRACE 10536 --- [    Test worker] o.h.type.descriptor.sql.BasicExtractor   : extracted value ([mov_cili2_2_] : [DOUBLE]) - [150.0]
2019-05-20 14:54:58.742 TRACE 10536 --- [    Test worker] o.h.type.descriptor.sql.BasicExtractor   : extracted value ([mov_tipo3_2_] : [VARCHAR]) - [MOTO]
2019-05-20 14:54:58.743 DEBUG 10536 --- [    Test worker] org.hibernate.SQL                        : insert into factura (facId, fac_fecha_ingreso, fac_fecha_salida, fac_valor, mov_placa) values (null, ?, ?, ?, ?)
Hibernate: insert into factura (facId, fac_fecha_ingreso, fac_fecha_salida, fac_valor, mov_placa) values (null, ?, ?, ?, ?)
2019-05-20 14:54:58.743 TRACE 10536 --- [    Test worker] o.h.type.descriptor.sql.BasicBinder      : binding parameter [1] as [TIMESTAMP] - [Mon May 20 14:54:58 COT 2019]
2019-05-20 14:54:58.745 TRACE 10536 --- [    Test worker] o.h.type.descriptor.sql.BasicBinder      : binding parameter [2] as [TIMESTAMP] - [null]
2019-05-20 14:54:58.746 TRACE 10536 --- [    Test worker] o.h.type.descriptor.sql.BasicBinder      : binding parameter [3] as [DOUBLE] - [0.0]
2019-05-20 14:54:58.746 TRACE 10536 --- [    Test worker] o.h.type.descriptor.sql.BasicBinder      : binding parameter [4] as [VARCHAR] - [SWH-7]
2019-05-20 14:54:58.749 DEBUG 10536 --- [    Test worker] org.hibernate.SQL                        : SELECT COUNT(*) FROM factura JOIN movil ON factura.mov_placa = movil.mov_placa WHERE movil.mov_tipo_movil = ? AND factura.fac_fecha_salida IS NULL
Hibernate: SELECT COUNT(*) FROM factura JOIN movil ON factura.mov_placa = movil.mov_placa WHERE movil.mov_tipo_movil = ? AND factura.fac_fecha_salida IS NULL
2019-05-20 14:54:58.752 TRACE 10536 --- [    Test worker] o.h.type.descriptor.sql.BasicBinder      : binding parameter [1] as [VARCHAR] - [MOTO]
2019-05-20 14:54:58.753 TRACE 10536 --- [    Test worker] o.h.type.descriptor.sql.BasicExtractor   : extracted value ([COUNT(*)] : [NUMERIC]) - [8]
2019-05-20 14:54:58.755 DEBUG 10536 --- [    Test worker] org.hibernate.SQL                        : SELECT COUNT(*) FROM factura WHERE mov_placa = ? AND fac_fecha_salida IS NULL
Hibernate: SELECT COUNT(*) FROM factura WHERE mov_placa = ? AND fac_fecha_salida IS NULL
2019-05-20 14:54:58.760 TRACE 10536 --- [    Test worker] o.h.type.descriptor.sql.BasicBinder      : binding parameter [1] as [VARCHAR] - [SWH-8]
2019-05-20 14:54:58.761 TRACE 10536 --- [    Test worker] o.h.type.descriptor.sql.BasicExtractor   : extracted value ([COUNT(*)] : [NUMERIC]) - [0]
2019-05-20 14:54:58.763 DEBUG 10536 --- [    Test worker] org.hibernate.SQL                        : select movilentit0_.mov_placa as mov_plac1_2_0_, movilentit0_.mov_cilindraje as mov_cili2_2_0_, movilentit0_.mov_tipo_movil as mov_tipo3_2_0_ from movil movilentit0_ where movilentit0_.mov_placa=?
Hibernate: select movilentit0_.mov_placa as mov_plac1_2_0_, movilentit0_.mov_cilindraje as mov_cili2_2_0_, movilentit0_.mov_tipo_movil as mov_tipo3_2_0_ from movil movilentit0_ where movilentit0_.mov_placa=?
2019-05-20 14:54:58.765 TRACE 10536 --- [    Test worker] o.h.type.descriptor.sql.BasicBinder      : binding parameter [1] as [VARCHAR] - [SWH-8]
2019-05-20 14:54:58.768 DEBUG 10536 --- [    Test worker] org.hibernate.SQL                        : select movilentit0_.mov_placa as mov_plac1_2_1_, movilentit0_.mov_cilindraje as mov_cili2_2_1_, movilentit0_.mov_tipo_movil as mov_tipo3_2_1_, facturasen1_.mov_placa as mov_plac5_1_3_, facturasen1_.facId as facId1_1_3_, facturasen1_.facId as facId1_1_0_, facturasen1_.fac_fecha_ingreso as fac_fech2_1_0_, facturasen1_.fac_fecha_salida as fac_fech3_1_0_, facturasen1_.fac_valor as fac_valo4_1_0_, facturasen1_.mov_placa as mov_plac5_1_0_ from movil movilentit0_ left outer join factura facturasen1_ on movilentit0_.mov_placa=facturasen1_.mov_placa where movilentit0_.mov_placa=?
Hibernate: select movilentit0_.mov_placa as mov_plac1_2_1_, movilentit0_.mov_cilindraje as mov_cili2_2_1_, movilentit0_.mov_tipo_movil as mov_tipo3_2_1_, facturasen1_.mov_placa as mov_plac5_1_3_, facturasen1_.facId as facId1_1_3_, facturasen1_.facId as facId1_1_0_, facturasen1_.fac_fecha_ingreso as fac_fech2_1_0_, facturasen1_.fac_fecha_salida as fac_fech3_1_0_, facturasen1_.fac_valor as fac_valo4_1_0_, facturasen1_.mov_placa as mov_plac5_1_0_ from movil movilentit0_ left outer join factura facturasen1_ on movilentit0_.mov_placa=facturasen1_.mov_placa where movilentit0_.mov_placa=?
2019-05-20 14:54:58.769 TRACE 10536 --- [    Test worker] o.h.type.descriptor.sql.BasicBinder      : binding parameter [1] as [VARCHAR] - [SWH-8]
2019-05-20 14:54:58.773 DEBUG 10536 --- [    Test worker] org.hibernate.SQL                        : insert into movil (mov_cilindraje, mov_tipo_movil, mov_placa) values (?, ?, ?)
Hibernate: insert into movil (mov_cilindraje, mov_tipo_movil, mov_placa) values (?, ?, ?)
2019-05-20 14:54:58.773 TRACE 10536 --- [    Test worker] o.h.type.descriptor.sql.BasicBinder      : binding parameter [1] as [DOUBLE] - [150.0]
2019-05-20 14:54:58.773 TRACE 10536 --- [    Test worker] o.h.type.descriptor.sql.BasicBinder      : binding parameter [2] as [VARCHAR] - [MOTO]
2019-05-20 14:54:58.773 TRACE 10536 --- [    Test worker] o.h.type.descriptor.sql.BasicBinder      : binding parameter [3] as [VARCHAR] - [SWH-8]
2019-05-20 14:54:58.775 DEBUG 10536 --- [    Test worker] org.hibernate.SQL                        : select movilentit_.mov_placa, movilentit_.mov_cilindraje as mov_cili2_2_, movilentit_.mov_tipo_movil as mov_tipo3_2_ from movil movilentit_ where movilentit_.mov_placa=?
Hibernate: select movilentit_.mov_placa, movilentit_.mov_cilindraje as mov_cili2_2_, movilentit_.mov_tipo_movil as mov_tipo3_2_ from movil movilentit_ where movilentit_.mov_placa=?
2019-05-20 14:54:58.776 TRACE 10536 --- [    Test worker] o.h.type.descriptor.sql.BasicBinder      : binding parameter [1] as [VARCHAR] - [SWH-8]
2019-05-20 14:54:58.776 TRACE 10536 --- [    Test worker] o.h.type.descriptor.sql.BasicExtractor   : extracted value ([mov_cili2_2_] : [DOUBLE]) - [150.0]
2019-05-20 14:54:58.776 TRACE 10536 --- [    Test worker] o.h.type.descriptor.sql.BasicExtractor   : extracted value ([mov_tipo3_2_] : [VARCHAR]) - [MOTO]
2019-05-20 14:54:58.777 DEBUG 10536 --- [    Test worker] org.hibernate.SQL                        : insert into factura (facId, fac_fecha_ingreso, fac_fecha_salida, fac_valor, mov_placa) values (null, ?, ?, ?, ?)
Hibernate: insert into factura (facId, fac_fecha_ingreso, fac_fecha_salida, fac_valor, mov_placa) values (null, ?, ?, ?, ?)
2019-05-20 14:54:58.777 TRACE 10536 --- [    Test worker] o.h.type.descriptor.sql.BasicBinder      : binding parameter [1] as [TIMESTAMP] - [Mon May 20 14:54:58 COT 2019]
2019-05-20 14:54:58.777 TRACE 10536 --- [    Test worker] o.h.type.descriptor.sql.BasicBinder      : binding parameter [2] as [TIMESTAMP] - [null]
2019-05-20 14:54:58.778 TRACE 10536 --- [    Test worker] o.h.type.descriptor.sql.BasicBinder      : binding parameter [3] as [DOUBLE] - [0.0]
2019-05-20 14:54:58.778 TRACE 10536 --- [    Test worker] o.h.type.descriptor.sql.BasicBinder      : binding parameter [4] as [VARCHAR] - [SWH-8]
2019-05-20 14:54:58.781 DEBUG 10536 --- [    Test worker] org.hibernate.SQL                        : SELECT COUNT(*) FROM factura JOIN movil ON factura.mov_placa = movil.mov_placa WHERE movil.mov_tipo_movil = ? AND factura.fac_fecha_salida IS NULL
Hibernate: SELECT COUNT(*) FROM factura JOIN movil ON factura.mov_placa = movil.mov_placa WHERE movil.mov_tipo_movil = ? AND factura.fac_fecha_salida IS NULL
2019-05-20 14:54:58.782 TRACE 10536 --- [    Test worker] o.h.type.descriptor.sql.BasicBinder      : binding parameter [1] as [VARCHAR] - [MOTO]
2019-05-20 14:54:58.783 TRACE 10536 --- [    Test worker] o.h.type.descriptor.sql.BasicExtractor   : extracted value ([COUNT(*)] : [NUMERIC]) - [9]
2019-05-20 14:54:58.784 DEBUG 10536 --- [    Test worker] org.hibernate.SQL                        : SELECT COUNT(*) FROM factura WHERE mov_placa = ? AND fac_fecha_salida IS NULL
Hibernate: SELECT COUNT(*) FROM factura WHERE mov_placa = ? AND fac_fecha_salida IS NULL
2019-05-20 14:54:58.786 TRACE 10536 --- [    Test worker] o.h.type.descriptor.sql.BasicBinder      : binding parameter [1] as [VARCHAR] - [SWH-9]
2019-05-20 14:54:58.786 TRACE 10536 --- [    Test worker] o.h.type.descriptor.sql.BasicExtractor   : extracted value ([COUNT(*)] : [NUMERIC]) - [0]
2019-05-20 14:54:58.788 DEBUG 10536 --- [    Test worker] org.hibernate.SQL                        : select movilentit0_.mov_placa as mov_plac1_2_0_, movilentit0_.mov_cilindraje as mov_cili2_2_0_, movilentit0_.mov_tipo_movil as mov_tipo3_2_0_ from movil movilentit0_ where movilentit0_.mov_placa=?
Hibernate: select movilentit0_.mov_placa as mov_plac1_2_0_, movilentit0_.mov_cilindraje as mov_cili2_2_0_, movilentit0_.mov_tipo_movil as mov_tipo3_2_0_ from movil movilentit0_ where movilentit0_.mov_placa=?
2019-05-20 14:54:58.790 TRACE 10536 --- [    Test worker] o.h.type.descriptor.sql.BasicBinder      : binding parameter [1] as [VARCHAR] - [SWH-9]
2019-05-20 14:54:58.793 DEBUG 10536 --- [    Test worker] org.hibernate.SQL                        : select movilentit0_.mov_placa as mov_plac1_2_1_, movilentit0_.mov_cilindraje as mov_cili2_2_1_, movilentit0_.mov_tipo_movil as mov_tipo3_2_1_, facturasen1_.mov_placa as mov_plac5_1_3_, facturasen1_.facId as facId1_1_3_, facturasen1_.facId as facId1_1_0_, facturasen1_.fac_fecha_ingreso as fac_fech2_1_0_, facturasen1_.fac_fecha_salida as fac_fech3_1_0_, facturasen1_.fac_valor as fac_valo4_1_0_, facturasen1_.mov_placa as mov_plac5_1_0_ from movil movilentit0_ left outer join factura facturasen1_ on movilentit0_.mov_placa=facturasen1_.mov_placa where movilentit0_.mov_placa=?
Hibernate: select movilentit0_.mov_placa as mov_plac1_2_1_, movilentit0_.mov_cilindraje as mov_cili2_2_1_, movilentit0_.mov_tipo_movil as mov_tipo3_2_1_, facturasen1_.mov_placa as mov_plac5_1_3_, facturasen1_.facId as facId1_1_3_, facturasen1_.facId as facId1_1_0_, facturasen1_.fac_fecha_ingreso as fac_fech2_1_0_, facturasen1_.fac_fecha_salida as fac_fech3_1_0_, facturasen1_.fac_valor as fac_valo4_1_0_, facturasen1_.mov_placa as mov_plac5_1_0_ from movil movilentit0_ left outer join factura facturasen1_ on movilentit0_.mov_placa=facturasen1_.mov_placa where movilentit0_.mov_placa=?
2019-05-20 14:54:58.794 TRACE 10536 --- [    Test worker] o.h.type.descriptor.sql.BasicBinder      : binding parameter [1] as [VARCHAR] - [SWH-9]
2019-05-20 14:54:58.796 DEBUG 10536 --- [    Test worker] org.hibernate.SQL                        : insert into movil (mov_cilindraje, mov_tipo_movil, mov_placa) values (?, ?, ?)
Hibernate: insert into movil (mov_cilindraje, mov_tipo_movil, mov_placa) values (?, ?, ?)
2019-05-20 14:54:58.796 TRACE 10536 --- [    Test worker] o.h.type.descriptor.sql.BasicBinder      : binding parameter [1] as [DOUBLE] - [150.0]
2019-05-20 14:54:58.796 TRACE 10536 --- [    Test worker] o.h.type.descriptor.sql.BasicBinder      : binding parameter [2] as [VARCHAR] - [MOTO]
2019-05-20 14:54:58.796 TRACE 10536 --- [    Test worker] o.h.type.descriptor.sql.BasicBinder      : binding parameter [3] as [VARCHAR] - [SWH-9]
2019-05-20 14:54:58.799 DEBUG 10536 --- [    Test worker] org.hibernate.SQL                        : select movilentit_.mov_placa, movilentit_.mov_cilindraje as mov_cili2_2_, movilentit_.mov_tipo_movil as mov_tipo3_2_ from movil movilentit_ where movilentit_.mov_placa=?
Hibernate: select movilentit_.mov_placa, movilentit_.mov_cilindraje as mov_cili2_2_, movilentit_.mov_tipo_movil as mov_tipo3_2_ from movil movilentit_ where movilentit_.mov_placa=?
2019-05-20 14:54:58.799 TRACE 10536 --- [    Test worker] o.h.type.descriptor.sql.BasicBinder      : binding parameter [1] as [VARCHAR] - [SWH-9]
2019-05-20 14:54:58.800 TRACE 10536 --- [    Test worker] o.h.type.descriptor.sql.BasicExtractor   : extracted value ([mov_cili2_2_] : [DOUBLE]) - [150.0]
2019-05-20 14:54:58.800 TRACE 10536 --- [    Test worker] o.h.type.descriptor.sql.BasicExtractor   : extracted value ([mov_tipo3_2_] : [VARCHAR]) - [MOTO]
2019-05-20 14:54:58.801 DEBUG 10536 --- [    Test worker] org.hibernate.SQL                        : insert into factura (facId, fac_fecha_ingreso, fac_fecha_salida, fac_valor, mov_placa) values (null, ?, ?, ?, ?)
Hibernate: insert into factura (facId, fac_fecha_ingreso, fac_fecha_salida, fac_valor, mov_placa) values (null, ?, ?, ?, ?)
2019-05-20 14:54:58.801 TRACE 10536 --- [    Test worker] o.h.type.descriptor.sql.BasicBinder      : binding parameter [1] as [TIMESTAMP] - [Mon May 20 14:54:58 COT 2019]
2019-05-20 14:54:58.801 TRACE 10536 --- [    Test worker] o.h.type.descriptor.sql.BasicBinder      : binding parameter [2] as [TIMESTAMP] - [null]
2019-05-20 14:54:58.801 TRACE 10536 --- [    Test worker] o.h.type.descriptor.sql.BasicBinder      : binding parameter [3] as [DOUBLE] - [0.0]
2019-05-20 14:54:58.801 TRACE 10536 --- [    Test worker] o.h.type.descriptor.sql.BasicBinder      : binding parameter [4] as [VARCHAR] - [SWH-9]
2019-05-20 14:54:58.804 DEBUG 10536 --- [    Test worker] org.hibernate.SQL                        : SELECT COUNT(*) FROM factura JOIN movil ON factura.mov_placa = movil.mov_placa WHERE movil.mov_tipo_movil = ? AND factura.fac_fecha_salida IS NULL
Hibernate: SELECT COUNT(*) FROM factura JOIN movil ON factura.mov_placa = movil.mov_placa WHERE movil.mov_tipo_movil = ? AND factura.fac_fecha_salida IS NULL
2019-05-20 14:54:58.805 TRACE 10536 --- [    Test worker] o.h.type.descriptor.sql.BasicBinder      : binding parameter [1] as [VARCHAR] - [MOTO]
2019-05-20 14:54:58.806 TRACE 10536 --- [    Test worker] o.h.type.descriptor.sql.BasicExtractor   : extracted value ([COUNT(*)] : [NUMERIC]) - [10]
2019-05-20 14:54:58.812 DEBUG 10536 --- [    Test worker] org.hibernate.SQL                        : SELECT COUNT(*) FROM factura JOIN movil ON factura.mov_placa = movil.mov_placa WHERE movil.mov_tipo_movil = ? AND factura.fac_fecha_salida IS NULL
Hibernate: SELECT COUNT(*) FROM factura JOIN movil ON factura.mov_placa = movil.mov_placa WHERE movil.mov_tipo_movil = ? AND factura.fac_fecha_salida IS NULL
2019-05-20 14:54:58.813 TRACE 10536 --- [    Test worker] o.h.type.descriptor.sql.BasicBinder      : binding parameter [1] as [VARCHAR] - [CARRO]
2019-05-20 14:54:58.814 TRACE 10536 --- [    Test worker] o.h.type.descriptor.sql.BasicExtractor   : extracted value ([COUNT(*)] : [NUMERIC]) - [0]
2019-05-20 14:54:58.817 DEBUG 10536 --- [    Test worker] org.hibernate.SQL                        : SELECT COUNT(*) FROM factura WHERE mov_placa = ? AND fac_fecha_salida IS NULL
Hibernate: SELECT COUNT(*) FROM factura WHERE mov_placa = ? AND fac_fecha_salida IS NULL
2019-05-20 14:54:58.818 TRACE 10536 --- [    Test worker] o.h.type.descriptor.sql.BasicBinder      : binding parameter [1] as [VARCHAR] - [VBN-0]
2019-05-20 14:54:58.819 TRACE 10536 --- [    Test worker] o.h.type.descriptor.sql.BasicExtractor   : extracted value ([COUNT(*)] : [NUMERIC]) - [0]
2019-05-20 14:54:58.823 DEBUG 10536 --- [    Test worker] org.hibernate.SQL                        : select movilentit0_.mov_placa as mov_plac1_2_0_, movilentit0_.mov_cilindraje as mov_cili2_2_0_, movilentit0_.mov_tipo_movil as mov_tipo3_2_0_ from movil movilentit0_ where movilentit0_.mov_placa=?
Hibernate: select movilentit0_.mov_placa as mov_plac1_2_0_, movilentit0_.mov_cilindraje as mov_cili2_2_0_, movilentit0_.mov_tipo_movil as mov_tipo3_2_0_ from movil movilentit0_ where movilentit0_.mov_placa=?
2019-05-20 14:54:58.824 TRACE 10536 --- [    Test worker] o.h.type.descriptor.sql.BasicBinder      : binding parameter [1] as [VARCHAR] - [VBN-0]
2019-05-20 14:54:58.837 DEBUG 10536 --- [    Test worker] org.hibernate.SQL                        : select movilentit0_.mov_placa as mov_plac1_2_1_, movilentit0_.mov_cilindraje as mov_cili2_2_1_, movilentit0_.mov_tipo_movil as mov_tipo3_2_1_, facturasen1_.mov_placa as mov_plac5_1_3_, facturasen1_.facId as facId1_1_3_, facturasen1_.facId as facId1_1_0_, facturasen1_.fac_fecha_ingreso as fac_fech2_1_0_, facturasen1_.fac_fecha_salida as fac_fech3_1_0_, facturasen1_.fac_valor as fac_valo4_1_0_, facturasen1_.mov_placa as mov_plac5_1_0_ from movil movilentit0_ left outer join factura facturasen1_ on movilentit0_.mov_placa=facturasen1_.mov_placa where movilentit0_.mov_placa=?
Hibernate: select movilentit0_.mov_placa as mov_plac1_2_1_, movilentit0_.mov_cilindraje as mov_cili2_2_1_, movilentit0_.mov_tipo_movil as mov_tipo3_2_1_, facturasen1_.mov_placa as mov_plac5_1_3_, facturasen1_.facId as facId1_1_3_, facturasen1_.facId as facId1_1_0_, facturasen1_.fac_fecha_ingreso as fac_fech2_1_0_, facturasen1_.fac_fecha_salida as fac_fech3_1_0_, facturasen1_.fac_valor as fac_valo4_1_0_, facturasen1_.mov_placa as mov_plac5_1_0_ from movil movilentit0_ left outer join factura facturasen1_ on movilentit0_.mov_placa=facturasen1_.mov_placa where movilentit0_.mov_placa=?
2019-05-20 14:54:58.838 TRACE 10536 --- [    Test worker] o.h.type.descriptor.sql.BasicBinder      : binding parameter [1] as [VARCHAR] - [VBN-0]
2019-05-20 14:54:58.839 DEBUG 10536 --- [    Test worker] org.hibernate.SQL                        : insert into movil (mov_cilindraje, mov_tipo_movil, mov_placa) values (?, ?, ?)
Hibernate: insert into movil (mov_cilindraje, mov_tipo_movil, mov_placa) values (?, ?, ?)
2019-05-20 14:54:58.840 TRACE 10536 --- [    Test worker] o.h.type.descriptor.sql.BasicBinder      : binding parameter [1] as [DOUBLE] - [-1.0]
2019-05-20 14:54:58.841 TRACE 10536 --- [    Test worker] o.h.type.descriptor.sql.BasicBinder      : binding parameter [2] as [VARCHAR] - [CARRO]
2019-05-20 14:54:58.841 TRACE 10536 --- [    Test worker] o.h.type.descriptor.sql.BasicBinder      : binding parameter [3] as [VARCHAR] - [VBN-0]
2019-05-20 14:54:58.845 DEBUG 10536 --- [    Test worker] org.hibernate.SQL                        : select movilentit_.mov_placa, movilentit_.mov_cilindraje as mov_cili2_2_, movilentit_.mov_tipo_movil as mov_tipo3_2_ from movil movilentit_ where movilentit_.mov_placa=?
Hibernate: select movilentit_.mov_placa, movilentit_.mov_cilindraje as mov_cili2_2_, movilentit_.mov_tipo_movil as mov_tipo3_2_ from movil movilentit_ where movilentit_.mov_placa=?
2019-05-20 14:54:58.846 TRACE 10536 --- [    Test worker] o.h.type.descriptor.sql.BasicBinder      : binding parameter [1] as [VARCHAR] - [VBN-0]
2019-05-20 14:54:58.847 TRACE 10536 --- [    Test worker] o.h.type.descriptor.sql.BasicExtractor   : extracted value ([mov_cili2_2_] : [DOUBLE]) - [-1.0]
2019-05-20 14:54:58.849 TRACE 10536 --- [    Test worker] o.h.type.descriptor.sql.BasicExtractor   : extracted value ([mov_tipo3_2_] : [VARCHAR]) - [CARRO]
2019-05-20 14:54:58.853 DEBUG 10536 --- [    Test worker] org.hibernate.SQL                        : insert into factura (facId, fac_fecha_ingreso, fac_fecha_salida, fac_valor, mov_placa) values (null, ?, ?, ?, ?)
Hibernate: insert into factura (facId, fac_fecha_ingreso, fac_fecha_salida, fac_valor, mov_placa) values (null, ?, ?, ?, ?)
2019-05-20 14:54:58.854 TRACE 10536 --- [    Test worker] o.h.type.descriptor.sql.BasicBinder      : binding parameter [1] as [TIMESTAMP] - [Mon May 20 14:54:58 COT 2019]
2019-05-20 14:54:58.854 TRACE 10536 --- [    Test worker] o.h.type.descriptor.sql.BasicBinder      : binding parameter [2] as [TIMESTAMP] - [null]
2019-05-20 14:54:58.854 TRACE 10536 --- [    Test worker] o.h.type.descriptor.sql.BasicBinder      : binding parameter [3] as [DOUBLE] - [0.0]
2019-05-20 14:54:58.855 TRACE 10536 --- [    Test worker] o.h.type.descriptor.sql.BasicBinder      : binding parameter [4] as [VARCHAR] - [VBN-0]
2019-05-20 14:54:58.864 DEBUG 10536 --- [    Test worker] org.hibernate.SQL                        : SELECT COUNT(*) FROM factura JOIN movil ON factura.mov_placa = movil.mov_placa WHERE movil.mov_tipo_movil = ? AND factura.fac_fecha_salida IS NULL
Hibernate: SELECT COUNT(*) FROM factura JOIN movil ON factura.mov_placa = movil.mov_placa WHERE movil.mov_tipo_movil = ? AND factura.fac_fecha_salida IS NULL
2019-05-20 14:54:58.866 TRACE 10536 --- [    Test worker] o.h.type.descriptor.sql.BasicBinder      : binding parameter [1] as [VARCHAR] - [CARRO]
2019-05-20 14:54:58.867 TRACE 10536 --- [    Test worker] o.h.type.descriptor.sql.BasicExtractor   : extracted value ([COUNT(*)] : [NUMERIC]) - [1]
2019-05-20 14:54:58.869 DEBUG 10536 --- [    Test worker] org.hibernate.SQL                        : SELECT COUNT(*) FROM factura WHERE mov_placa = ? AND fac_fecha_salida IS NULL
Hibernate: SELECT COUNT(*) FROM factura WHERE mov_placa = ? AND fac_fecha_salida IS NULL
2019-05-20 14:54:58.871 TRACE 10536 --- [    Test worker] o.h.type.descriptor.sql.BasicBinder      : binding parameter [1] as [VARCHAR] - [VBN-1]
2019-05-20 14:54:58.872 TRACE 10536 --- [    Test worker] o.h.type.descriptor.sql.BasicExtractor   : extracted value ([COUNT(*)] : [NUMERIC]) - [0]
2019-05-20 14:54:58.874 DEBUG 10536 --- [    Test worker] org.hibernate.SQL                        : select movilentit0_.mov_placa as mov_plac1_2_0_, movilentit0_.mov_cilindraje as mov_cili2_2_0_, movilentit0_.mov_tipo_movil as mov_tipo3_2_0_ from movil movilentit0_ where movilentit0_.mov_placa=?
Hibernate: select movilentit0_.mov_placa as mov_plac1_2_0_, movilentit0_.mov_cilindraje as mov_cili2_2_0_, movilentit0_.mov_tipo_movil as mov_tipo3_2_0_ from movil movilentit0_ where movilentit0_.mov_placa=?
2019-05-20 14:54:58.874 TRACE 10536 --- [    Test worker] o.h.type.descriptor.sql.BasicBinder      : binding parameter [1] as [VARCHAR] - [VBN-1]
2019-05-20 14:54:58.877 DEBUG 10536 --- [    Test worker] org.hibernate.SQL                        : select movilentit0_.mov_placa as mov_plac1_2_1_, movilentit0_.mov_cilindraje as mov_cili2_2_1_, movilentit0_.mov_tipo_movil as mov_tipo3_2_1_, facturasen1_.mov_placa as mov_plac5_1_3_, facturasen1_.facId as facId1_1_3_, facturasen1_.facId as facId1_1_0_, facturasen1_.fac_fecha_ingreso as fac_fech2_1_0_, facturasen1_.fac_fecha_salida as fac_fech3_1_0_, facturasen1_.fac_valor as fac_valo4_1_0_, facturasen1_.mov_placa as mov_plac5_1_0_ from movil movilentit0_ left outer join factura facturasen1_ on movilentit0_.mov_placa=facturasen1_.mov_placa where movilentit0_.mov_placa=?
Hibernate: select movilentit0_.mov_placa as mov_plac1_2_1_, movilentit0_.mov_cilindraje as mov_cili2_2_1_, movilentit0_.mov_tipo_movil as mov_tipo3_2_1_, facturasen1_.mov_placa as mov_plac5_1_3_, facturasen1_.facId as facId1_1_3_, facturasen1_.facId as facId1_1_0_, facturasen1_.fac_fecha_ingreso as fac_fech2_1_0_, facturasen1_.fac_fecha_salida as fac_fech3_1_0_, facturasen1_.fac_valor as fac_valo4_1_0_, facturasen1_.mov_placa as mov_plac5_1_0_ from movil movilentit0_ left outer join factura facturasen1_ on movilentit0_.mov_placa=facturasen1_.mov_placa where movilentit0_.mov_placa=?
2019-05-20 14:54:58.878 TRACE 10536 --- [    Test worker] o.h.type.descriptor.sql.BasicBinder      : binding parameter [1] as [VARCHAR] - [VBN-1]
2019-05-20 14:54:58.883 DEBUG 10536 --- [    Test worker] org.hibernate.SQL                        : insert into movil (mov_cilindraje, mov_tipo_movil, mov_placa) values (?, ?, ?)
Hibernate: insert into movil (mov_cilindraje, mov_tipo_movil, mov_placa) values (?, ?, ?)
2019-05-20 14:54:58.886 TRACE 10536 --- [    Test worker] o.h.type.descriptor.sql.BasicBinder      : binding parameter [1] as [DOUBLE] - [-1.0]
2019-05-20 14:54:58.886 TRACE 10536 --- [    Test worker] o.h.type.descriptor.sql.BasicBinder      : binding parameter [2] as [VARCHAR] - [CARRO]
2019-05-20 14:54:58.886 TRACE 10536 --- [    Test worker] o.h.type.descriptor.sql.BasicBinder      : binding parameter [3] as [VARCHAR] - [VBN-1]
2019-05-20 14:54:58.897 DEBUG 10536 --- [    Test worker] org.hibernate.SQL                        : select movilentit_.mov_placa, movilentit_.mov_cilindraje as mov_cili2_2_, movilentit_.mov_tipo_movil as mov_tipo3_2_ from movil movilentit_ where movilentit_.mov_placa=?
Hibernate: select movilentit_.mov_placa, movilentit_.mov_cilindraje as mov_cili2_2_, movilentit_.mov_tipo_movil as mov_tipo3_2_ from movil movilentit_ where movilentit_.mov_placa=?
2019-05-20 14:54:58.898 TRACE 10536 --- [    Test worker] o.h.type.descriptor.sql.BasicBinder      : binding parameter [1] as [VARCHAR] - [VBN-1]
2019-05-20 14:54:58.899 TRACE 10536 --- [    Test worker] o.h.type.descriptor.sql.BasicExtractor   : extracted value ([mov_cili2_2_] : [DOUBLE]) - [-1.0]
2019-05-20 14:54:58.899 TRACE 10536 --- [    Test worker] o.h.type.descriptor.sql.BasicExtractor   : extracted value ([mov_tipo3_2_] : [VARCHAR]) - [CARRO]
2019-05-20 14:54:58.901 DEBUG 10536 --- [    Test worker] org.hibernate.SQL                        : insert into factura (facId, fac_fecha_ingreso, fac_fecha_salida, fac_valor, mov_placa) values (null, ?, ?, ?, ?)
Hibernate: insert into factura (facId, fac_fecha_ingreso, fac_fecha_salida, fac_valor, mov_placa) values (null, ?, ?, ?, ?)
2019-05-20 14:54:58.902 TRACE 10536 --- [    Test worker] o.h.type.descriptor.sql.BasicBinder      : binding parameter [1] as [TIMESTAMP] - [Mon May 20 14:54:58 COT 2019]
2019-05-20 14:54:58.902 TRACE 10536 --- [    Test worker] o.h.type.descriptor.sql.BasicBinder      : binding parameter [2] as [TIMESTAMP] - [null]
2019-05-20 14:54:58.902 TRACE 10536 --- [    Test worker] o.h.type.descriptor.sql.BasicBinder      : binding parameter [3] as [DOUBLE] - [0.0]
2019-05-20 14:54:58.903 TRACE 10536 --- [    Test worker] o.h.type.descriptor.sql.BasicBinder      : binding parameter [4] as [VARCHAR] - [VBN-1]
2019-05-20 14:54:58.905 DEBUG 10536 --- [    Test worker] org.hibernate.SQL                        : SELECT COUNT(*) FROM factura JOIN movil ON factura.mov_placa = movil.mov_placa WHERE movil.mov_tipo_movil = ? AND factura.fac_fecha_salida IS NULL
Hibernate: SELECT COUNT(*) FROM factura JOIN movil ON factura.mov_placa = movil.mov_placa WHERE movil.mov_tipo_movil = ? AND factura.fac_fecha_salida IS NULL
2019-05-20 14:54:58.906 TRACE 10536 --- [    Test worker] o.h.type.descriptor.sql.BasicBinder      : binding parameter [1] as [VARCHAR] - [CARRO]
2019-05-20 14:54:58.907 TRACE 10536 --- [    Test worker] o.h.type.descriptor.sql.BasicExtractor   : extracted value ([COUNT(*)] : [NUMERIC]) - [2]
2019-05-20 14:54:58.912 DEBUG 10536 --- [    Test worker] org.hibernate.SQL                        : SELECT COUNT(*) FROM factura WHERE mov_placa = ? AND fac_fecha_salida IS NULL
Hibernate: SELECT COUNT(*) FROM factura WHERE mov_placa = ? AND fac_fecha_salida IS NULL
2019-05-20 14:54:58.913 TRACE 10536 --- [    Test worker] o.h.type.descriptor.sql.BasicBinder      : binding parameter [1] as [VARCHAR] - [VBN-2]
2019-05-20 14:54:58.914 TRACE 10536 --- [    Test worker] o.h.type.descriptor.sql.BasicExtractor   : extracted value ([COUNT(*)] : [NUMERIC]) - [0]
2019-05-20 14:54:58.916 DEBUG 10536 --- [    Test worker] org.hibernate.SQL                        : select movilentit0_.mov_placa as mov_plac1_2_0_, movilentit0_.mov_cilindraje as mov_cili2_2_0_, movilentit0_.mov_tipo_movil as mov_tipo3_2_0_ from movil movilentit0_ where movilentit0_.mov_placa=?
Hibernate: select movilentit0_.mov_placa as mov_plac1_2_0_, movilentit0_.mov_cilindraje as mov_cili2_2_0_, movilentit0_.mov_tipo_movil as mov_tipo3_2_0_ from movil movilentit0_ where movilentit0_.mov_placa=?
2019-05-20 14:54:58.917 TRACE 10536 --- [    Test worker] o.h.type.descriptor.sql.BasicBinder      : binding parameter [1] as [VARCHAR] - [VBN-2]
2019-05-20 14:54:58.919 DEBUG 10536 --- [    Test worker] org.hibernate.SQL                        : select movilentit0_.mov_placa as mov_plac1_2_1_, movilentit0_.mov_cilindraje as mov_cili2_2_1_, movilentit0_.mov_tipo_movil as mov_tipo3_2_1_, facturasen1_.mov_placa as mov_plac5_1_3_, facturasen1_.facId as facId1_1_3_, facturasen1_.facId as facId1_1_0_, facturasen1_.fac_fecha_ingreso as fac_fech2_1_0_, facturasen1_.fac_fecha_salida as fac_fech3_1_0_, facturasen1_.fac_valor as fac_valo4_1_0_, facturasen1_.mov_placa as mov_plac5_1_0_ from movil movilentit0_ left outer join factura facturasen1_ on movilentit0_.mov_placa=facturasen1_.mov_placa where movilentit0_.mov_placa=?
Hibernate: select movilentit0_.mov_placa as mov_plac1_2_1_, movilentit0_.mov_cilindraje as mov_cili2_2_1_, movilentit0_.mov_tipo_movil as mov_tipo3_2_1_, facturasen1_.mov_placa as mov_plac5_1_3_, facturasen1_.facId as facId1_1_3_, facturasen1_.facId as facId1_1_0_, facturasen1_.fac_fecha_ingreso as fac_fech2_1_0_, facturasen1_.fac_fecha_salida as fac_fech3_1_0_, facturasen1_.fac_valor as fac_valo4_1_0_, facturasen1_.mov_placa as mov_plac5_1_0_ from movil movilentit0_ left outer join factura facturasen1_ on movilentit0_.mov_placa=facturasen1_.mov_placa where movilentit0_.mov_placa=?
2019-05-20 14:54:58.921 TRACE 10536 --- [    Test worker] o.h.type.descriptor.sql.BasicBinder      : binding parameter [1] as [VARCHAR] - [VBN-2]
2019-05-20 14:54:58.922 DEBUG 10536 --- [    Test worker] org.hibernate.SQL                        : insert into movil (mov_cilindraje, mov_tipo_movil, mov_placa) values (?, ?, ?)
Hibernate: insert into movil (mov_cilindraje, mov_tipo_movil, mov_placa) values (?, ?, ?)
[...]
2019-05-20 14:55:00.761 TRACE 10536 --- [    Test worker] o.h.type.descriptor.sql.BasicExtractor   : extracted value ([mov_placa] : [VARCHAR]) - [VBN-19]
2019-05-20 14:55:00.761 DEBUG 10536 --- [    Test worker] org.hibernate.SQL                        : select movilentit0_.mov_placa as mov_plac1_2_0_, movilentit0_.mov_cilindraje as mov_cili2_2_0_, movilentit0_.mov_tipo_movil as mov_tipo3_2_0_ from movil movilentit0_ where movilentit0_.mov_placa=?
Hibernate: select movilentit0_.mov_placa as mov_plac1_2_0_, movilentit0_.mov_cilindraje as mov_cili2_2_0_, movilentit0_.mov_tipo_movil as mov_tipo3_2_0_ from movil movilentit0_ where movilentit0_.mov_placa=?
2019-05-20 14:55:00.761 TRACE 10536 --- [    Test worker] o.h.type.descriptor.sql.BasicBinder      : binding parameter [1] as [VARCHAR] - [VBN-19]
2019-05-20 14:55:00.761 TRACE 10536 --- [    Test worker] o.h.type.descriptor.sql.BasicExtractor   : extracted value ([mov_cili2_2_0_] : [DOUBLE]) - [-1.0]
2019-05-20 14:55:00.762 TRACE 10536 --- [    Test worker] o.h.type.descriptor.sql.BasicExtractor   : extracted value ([mov_tipo3_2_0_] : [VARCHAR]) - [CARRO]
2019-05-20 14:55:00.762 TRACE 10536 --- [    Test worker] org.hibernate.type.CollectionType        : Created collection wrapper: [co.com.ceiba.ceibaestacionamiento.persistencia.entidades.MovilEntity.facturasEntity#VBN-19]
2019-05-20 14:55:00.763 DEBUG 10536 --- [    Test worker] org.hibernate.SQL                        : SELECT * FROM costoestadia WHERE cos_tipo_movil = ? AND cos_tipo_pago = ? AND cos_tiempo_estadia = ?
Hibernate: SELECT * FROM costoestadia WHERE cos_tipo_movil = ? AND cos_tipo_pago = ? AND cos_tiempo_estadia = ?
2019-05-20 14:55:00.764 TRACE 10536 --- [    Test worker] o.h.type.descriptor.sql.BasicBinder      : binding parameter [1] as [VARCHAR] - [CARRO]
2019-05-20 14:55:00.764 TRACE 10536 --- [    Test worker] o.h.type.descriptor.sql.BasicBinder      : binding parameter [2] as [VARCHAR] - [NORMAL]
2019-05-20 14:55:00.764 TRACE 10536 --- [    Test worker] o.h.type.descriptor.sql.BasicBinder      : binding parameter [3] as [VARCHAR] - [DIA]
2019-05-20 14:55:00.764 TRACE 10536 --- [    Test worker] o.h.type.descriptor.sql.BasicExtractor   : extracted value ([cos_id] : [INTEGER]) - [1]
2019-05-20 14:55:00.765 TRACE 10536 --- [    Test worker] o.h.type.descriptor.sql.BasicExtractor   : extracted value ([cos_tiempo_estadia] : [VARCHAR]) - [DIA]
2019-05-20 14:55:00.765 TRACE 10536 --- [    Test worker] o.h.type.descriptor.sql.BasicExtractor   : extracted value ([cos_tipo_movil] : [VARCHAR]) - [CARRO]
2019-05-20 14:55:00.765 TRACE 10536 --- [    Test worker] o.h.type.descriptor.sql.BasicExtractor   : extracted value ([cos_tipo_pago] : [VARCHAR]) - [NORMAL]
2019-05-20 14:55:00.765 TRACE 10536 --- [    Test worker] o.h.type.descriptor.sql.BasicExtractor   : extracted value ([cos_valor] : [DOUBLE]) - [8000.0]
2019-05-20 14:55:00.766 DEBUG 10536 --- [    Test worker] org.hibernate.SQL                        : SELECT * FROM costoestadia WHERE cos_tipo_movil = ? AND cos_tipo_pago = ? AND cos_tiempo_estadia = ?
Hibernate: SELECT * FROM costoestadia WHERE cos_tipo_movil = ? AND cos_tipo_pago = ? AND cos_tiempo_estadia = ?
2019-05-20 14:55:00.767 TRACE 10536 --- [    Test worker] o.h.type.descriptor.sql.BasicBinder      : binding parameter [1] as [VARCHAR] - [CARRO]
2019-05-20 14:55:00.767 TRACE 10536 --- [    Test worker] o.h.type.descriptor.sql.BasicBinder      : binding parameter [2] as [VARCHAR] - [NORMAL]
2019-05-20 14:55:00.767 TRACE 10536 --- [    Test worker] o.h.type.descriptor.sql.BasicBinder      : binding parameter [3] as [VARCHAR] - [HORA]
2019-05-20 14:55:00.767 TRACE 10536 --- [    Test worker] o.h.type.descriptor.sql.BasicExtractor   : extracted value ([cos_id] : [INTEGER]) - [2]
2019-05-20 14:55:00.767 TRACE 10536 --- [    Test worker] o.h.type.descriptor.sql.BasicExtractor   : extracted value ([cos_tiempo_estadia] : [VARCHAR]) - [HORA]
2019-05-20 14:55:00.767 TRACE 10536 --- [    Test worker] o.h.type.descriptor.sql.BasicExtractor   : extracted value ([cos_tipo_movil] : [VARCHAR]) - [CARRO]
2019-05-20 14:55:00.767 TRACE 10536 --- [    Test worker] o.h.type.descriptor.sql.BasicExtractor   : extracted value ([cos_tipo_pago] : [VARCHAR]) - [NORMAL]
2019-05-20 14:55:00.768 TRACE 10536 --- [    Test worker] o.h.type.descriptor.sql.BasicExtractor   : extracted value ([cos_valor] : [DOUBLE]) - [1000.0]
2019-05-20 14:55:00.769 DEBUG 10536 --- [    Test worker] org.hibernate.SQL                        : SELECT * FROM factura WHERE mov_placa = ? AND fac_fecha_salida IS NULL
Hibernate: SELECT * FROM factura WHERE mov_placa = ? AND fac_fecha_salida IS NULL
2019-05-20 14:55:00.770 TRACE 10536 --- [    Test worker] o.h.type.descriptor.sql.BasicBinder      : binding parameter [1] as [VARCHAR] - [VBN-19]
2019-05-20 14:55:00.770 TRACE 10536 --- [    Test worker] o.h.type.descriptor.sql.BasicExtractor   : extracted value ([facId] : [INTEGER]) - [31]
2019-05-20 14:55:00.770 TRACE 10536 --- [    Test worker] o.h.type.descriptor.sql.BasicExtractor   : extracted value ([fac_fecha_ingreso] : [TIMESTAMP]) - [2019-05-20 14:54:59.508]
2019-05-20 14:55:00.770 TRACE 10536 --- [    Test worker] o.h.type.descriptor.sql.BasicExtractor   : extracted value ([fac_fecha_salida] : [TIMESTAMP]) - [null]
2019-05-20 14:55:00.770 TRACE 10536 --- [    Test worker] o.h.type.descriptor.sql.BasicExtractor   : extracted value ([fac_valor] : [DOUBLE]) - [0.0]
2019-05-20 14:55:00.770 TRACE 10536 --- [    Test worker] o.h.type.descriptor.sql.BasicExtractor   : extracted value ([mov_placa] : [VARCHAR]) - [VBN-19]
2019-05-20 14:55:00.770 DEBUG 10536 --- [    Test worker] org.hibernate.SQL                        : select movilentit0_.mov_placa as mov_plac1_2_0_, movilentit0_.mov_cilindraje as mov_cili2_2_0_, movilentit0_.mov_tipo_movil as mov_tipo3_2_0_ from movil movilentit0_ where movilentit0_.mov_placa=?
Hibernate: select movilentit0_.mov_placa as mov_plac1_2_0_, movilentit0_.mov_cilindraje as mov_cili2_2_0_, movilentit0_.mov_tipo_movil as mov_tipo3_2_0_ from movil movilentit0_ where movilentit0_.mov_placa=?
2019-05-20 14:55:00.770 TRACE 10536 --- [    Test worker] o.h.type.descriptor.sql.BasicBinder      : binding parameter [1] as [VARCHAR] - [VBN-19]
2019-05-20 14:55:00.771 TRACE 10536 --- [    Test worker] o.h.type.descriptor.sql.BasicExtractor   : extracted value ([mov_cili2_2_0_] : [DOUBLE]) - [-1.0]
2019-05-20 14:55:00.771 TRACE 10536 --- [    Test worker] o.h.type.descriptor.sql.BasicExtractor   : extracted value ([mov_tipo3_2_0_] : [VARCHAR]) - [CARRO]
2019-05-20 14:55:00.771 TRACE 10536 --- [    Test worker] org.hibernate.type.CollectionType        : Created collection wrapper: [co.com.ceiba.ceibaestacionamiento.persistencia.entidades.MovilEntity.facturasEntity#VBN-19]
2019-05-20 14:55:00.772 DEBUG 10536 --- [    Test worker] org.hibernate.SQL                        : select facturaent0_.facId as facId1_1_0_, facturaent0_.fac_fecha_ingreso as fac_fech2_1_0_, facturaent0_.fac_fecha_salida as fac_fech3_1_0_, facturaent0_.fac_valor as fac_valo4_1_0_, facturaent0_.mov_placa as mov_plac5_1_0_ from factura facturaent0_ where facturaent0_.facId=?
Hibernate: select facturaent0_.facId as facId1_1_0_, facturaent0_.fac_fecha_ingreso as fac_fech2_1_0_, facturaent0_.fac_fecha_salida as fac_fech3_1_0_, facturaent0_.fac_valor as fac_valo4_1_0_, facturaent0_.mov_placa as mov_plac5_1_0_ from factura facturaent0_ where facturaent0_.facId=?
2019-05-20 14:55:00.773 TRACE 10536 --- [    Test worker] o.h.type.descriptor.sql.BasicBinder      : binding parameter [1] as [INTEGER] - [31]
2019-05-20 14:55:00.773 TRACE 10536 --- [    Test worker] o.h.type.descriptor.sql.BasicExtractor   : extracted value ([fac_fech2_1_0_] : [TIMESTAMP]) - [2019-05-20 14:54:59.508]
2019-05-20 14:55:00.773 TRACE 10536 --- [    Test worker] o.h.type.descriptor.sql.BasicExtractor   : extracted value ([fac_fech3_1_0_] : [TIMESTAMP]) - [null]
2019-05-20 14:55:00.773 TRACE 10536 --- [    Test worker] o.h.type.descriptor.sql.BasicExtractor   : extracted value ([fac_valo4_1_0_] : [DOUBLE]) - [0.0]
2019-05-20 14:55:00.773 TRACE 10536 --- [    Test worker] o.h.type.descriptor.sql.BasicExtractor   : extracted value ([mov_plac5_1_0_] : [VARCHAR]) - [VBN-19]
2019-05-20 14:55:00.773 DEBUG 10536 --- [    Test worker] org.hibernate.SQL                        : select movilentit0_.mov_placa as mov_plac1_2_1_, movilentit0_.mov_cilindraje as mov_cili2_2_1_, movilentit0_.mov_tipo_movil as mov_tipo3_2_1_, facturasen1_.mov_placa as mov_plac5_1_3_, facturasen1_.facId as facId1_1_3_, facturasen1_.facId as facId1_1_0_, facturasen1_.fac_fecha_ingreso as fac_fech2_1_0_, facturasen1_.fac_fecha_salida as fac_fech3_1_0_, facturasen1_.fac_valor as fac_valo4_1_0_, facturasen1_.mov_placa as mov_plac5_1_0_ from movil movilentit0_ left outer join factura facturasen1_ on movilentit0_.mov_placa=facturasen1_.mov_placa where movilentit0_.mov_placa=?
Hibernate: select movilentit0_.mov_placa as mov_plac1_2_1_, movilentit0_.mov_cilindraje as mov_cili2_2_1_, movilentit0_.mov_tipo_movil as mov_tipo3_2_1_, facturasen1_.mov_placa as mov_plac5_1_3_, facturasen1_.facId as facId1_1_3_, facturasen1_.facId as facId1_1_0_, facturasen1_.fac_fecha_ingreso as fac_fech2_1_0_, facturasen1_.fac_fecha_salida as fac_fech3_1_0_, facturasen1_.fac_valor as fac_valo4_1_0_, facturasen1_.mov_placa as mov_plac5_1_0_ from movil movilentit0_ left outer join factura facturasen1_ on movilentit0_.mov_placa=facturasen1_.mov_placa where movilentit0_.mov_placa=?
2019-05-20 14:55:00.774 TRACE 10536 --- [    Test worker] o.h.type.descriptor.sql.BasicBinder      : binding parameter [1] as [VARCHAR] - [VBN-19]
2019-05-20 14:55:00.774 TRACE 10536 --- [    Test worker] o.h.type.descriptor.sql.BasicExtractor   : extracted value ([facId1_1_0_] : [INTEGER]) - [31]
2019-05-20 14:55:00.774 TRACE 10536 --- [    Test worker] o.h.type.descriptor.sql.BasicExtractor   : extracted value ([mov_cili2_2_1_] : [DOUBLE]) - [-1.0]
2019-05-20 14:55:00.774 TRACE 10536 --- [    Test worker] o.h.type.descriptor.sql.BasicExtractor   : extracted value ([mov_tipo3_2_1_] : [VARCHAR]) - [CARRO]
2019-05-20 14:55:00.774 TRACE 10536 --- [    Test worker] o.h.type.descriptor.sql.BasicExtractor   : extracted value ([mov_plac5_1_3_] : [VARCHAR]) - [VBN-19]
2019-05-20 14:55:00.774 TRACE 10536 --- [    Test worker] o.h.type.descriptor.sql.BasicExtractor   : extracted value ([facId1_1_3_] : [INTEGER]) - [31]
2019-05-20 14:55:00.775 DEBUG 10536 --- [    Test worker] org.hibernate.SQL                        : update factura set fac_fecha_ingreso=?, fac_fecha_salida=?, fac_valor=?, mov_placa=? where facId=?
Hibernate: update factura set fac_fecha_ingreso=?, fac_fecha_salida=?, fac_valor=?, mov_placa=? where facId=?
2019-05-20 14:55:00.776 TRACE 10536 --- [    Test worker] o.h.type.descriptor.sql.BasicBinder      : binding parameter [1] as [TIMESTAMP] - [2019-05-20 14:54:59.508]
2019-05-20 14:55:00.776 TRACE 10536 --- [    Test worker] o.h.type.descriptor.sql.BasicBinder      : binding parameter [2] as [TIMESTAMP] - [Mon May 20 14:55:00 COT 2019]
2019-05-20 14:55:00.776 TRACE 10536 --- [    Test worker] o.h.type.descriptor.sql.BasicBinder      : binding parameter [3] as [DOUBLE] - [1000.0]
2019-05-20 14:55:00.776 TRACE 10536 --- [    Test worker] o.h.type.descriptor.sql.BasicBinder      : binding parameter [4] as [VARCHAR] - [VBN-19]
2019-05-20 14:55:00.776 TRACE 10536 --- [    Test worker] o.h.type.descriptor.sql.BasicBinder      : binding parameter [5] as [INTEGER] - [31]
2019-05-20 14:55:00.778 DEBUG 10536 --- [    Test worker] org.hibernate.SQL                        : SELECT COUNT(*) FROM factura JOIN movil ON factura.mov_placa = movil.mov_placa WHERE movil.mov_tipo_movil = ? AND factura.fac_fecha_salida IS NULL
Hibernate: SELECT COUNT(*) FROM factura JOIN movil ON factura.mov_placa = movil.mov_placa WHERE movil.mov_tipo_movil = ? AND factura.fac_fecha_salida IS NULL
2019-05-20 14:55:00.778 TRACE 10536 --- [    Test worker] o.h.type.descriptor.sql.BasicBinder      : binding parameter [1] as [VARCHAR] - [CARRO]
2019-05-20 14:55:00.779 TRACE 10536 --- [    Test worker] o.h.type.descriptor.sql.BasicExtractor   : extracted value ([COUNT(*)] : [NUMERIC]) - [0]
2019-05-20 14:55:00.784 DEBUG 10536 --- [    Test worker] org.hibernate.SQL                        : SELECT * FROM costoestadia WHERE cos_tipo_movil = ? AND cos_tipo_pago = ? AND cos_tiempo_estadia = ?
Hibernate: SELECT * FROM costoestadia WHERE cos_tipo_movil = ? AND cos_tipo_pago = ? AND cos_tiempo_estadia = ?
2019-05-20 14:55:00.785 TRACE 10536 --- [    Test worker] o.h.type.descriptor.sql.BasicBinder      : binding parameter [1] as [VARCHAR] - [CARRO]
2019-05-20 14:55:00.785 TRACE 10536 --- [    Test worker] o.h.type.descriptor.sql.BasicBinder      : binding parameter [2] as [VARCHAR] - [NORMAL]
2019-05-20 14:55:00.785 TRACE 10536 --- [    Test worker] o.h.type.descriptor.sql.BasicBinder      : binding parameter [3] as [VARCHAR] - [HORA]
2019-05-20 14:55:00.785 TRACE 10536 --- [    Test worker] o.h.type.descriptor.sql.BasicExtractor   : extracted value ([cos_id] : [INTEGER]) - [2]
2019-05-20 14:55:00.785 TRACE 10536 --- [    Test worker] o.h.type.descriptor.sql.BasicExtractor   : extracted value ([cos_tiempo_estadia] : [VARCHAR]) - [HORA]
2019-05-20 14:55:00.785 TRACE 10536 --- [    Test worker] o.h.type.descriptor.sql.BasicExtractor   : extracted value ([cos_tipo_movil] : [VARCHAR]) - [CARRO]
2019-05-20 14:55:00.785 TRACE 10536 --- [    Test worker] o.h.type.descriptor.sql.BasicExtractor   : extracted value ([cos_tipo_pago] : [VARCHAR]) - [NORMAL]
2019-05-20 14:55:00.785 TRACE 10536 --- [    Test worker] o.h.type.descriptor.sql.BasicExtractor   : extracted value ([cos_valor] : [DOUBLE]) - [1000.0]
2019-05-20 14:55:00.791 DEBUG 10536 --- [    Test worker] org.hibernate.SQL                        : SELECT * FROM costoestadia WHERE cos_tipo_movil = ? AND cos_tipo_pago = ? AND cos_tiempo_estadia = ?
Hibernate: SELECT * FROM costoestadia WHERE cos_tipo_movil = ? AND cos_tipo_pago = ? AND cos_tiempo_estadia = ?
2019-05-20 14:55:00.793 TRACE 10536 --- [    Test worker] o.h.type.descriptor.sql.BasicBinder      : binding parameter [1] as [VARCHAR] - [MOTO]
2019-05-20 14:55:00.793 TRACE 10536 --- [    Test worker] o.h.type.descriptor.sql.BasicBinder      : binding parameter [2] as [VARCHAR] - [EXTENDIDO]
2019-05-20 14:55:00.793 TRACE 10536 --- [    Test worker] o.h.type.descriptor.sql.BasicBinder      : binding parameter [3] as [VARCHAR] - [NO_APLICA]
2019-05-20 14:55:00.793 TRACE 10536 --- [    Test worker] o.h.type.descriptor.sql.BasicExtractor   : extracted value ([cos_id] : [INTEGER]) - [5]
2019-05-20 14:55:00.793 TRACE 10536 --- [    Test worker] o.h.type.descriptor.sql.BasicExtractor   : extracted value ([cos_tiempo_estadia] : [VARCHAR]) - [NO_APLICA]
2019-05-20 14:55:00.793 TRACE 10536 --- [    Test worker] o.h.type.descriptor.sql.BasicExtractor   : extracted value ([cos_tipo_movil] : [VARCHAR]) - [MOTO]
2019-05-20 14:55:00.793 TRACE 10536 --- [    Test worker] o.h.type.descriptor.sql.BasicExtractor   : extracted value ([cos_tipo_pago] : [VARCHAR]) - [EXTENDIDO]
2019-05-20 14:55:00.793 TRACE 10536 --- [    Test worker] o.h.type.descriptor.sql.BasicExtractor   : extracted value ([cos_valor] : [DOUBLE]) - [2000.0]
2019-05-20 14:55:00.799 DEBUG 10536 --- [    Test worker] org.hibernate.SQL                        : SELECT * FROM costoestadia WHERE cos_tipo_movil = ? AND cos_tipo_pago = ? AND cos_tiempo_estadia = ?
Hibernate: SELECT * FROM costoestadia WHERE cos_tipo_movil = ? AND cos_tipo_pago = ? AND cos_tiempo_estadia = ?
2019-05-20 14:55:00.800 TRACE 10536 --- [    Test worker] o.h.type.descriptor.sql.BasicBinder      : binding parameter [1] as [VARCHAR] - [CARRO]
2019-05-20 14:55:00.800 TRACE 10536 --- [    Test worker] o.h.type.descriptor.sql.BasicBinder      : binding parameter [2] as [VARCHAR] - [NORMAL]
2019-05-20 14:55:00.800 TRACE 10536 --- [    Test worker] o.h.type.descriptor.sql.BasicBinder      : binding parameter [3] as [VARCHAR] - [DIA]
2019-05-20 14:55:00.801 TRACE 10536 --- [    Test worker] o.h.type.descriptor.sql.BasicExtractor   : extracted value ([cos_id] : [INTEGER]) - [1]
2019-05-20 14:55:00.801 TRACE 10536 --- [    Test worker] o.h.type.descriptor.sql.BasicExtractor   : extracted value ([cos_tiempo_estadia] : [VARCHAR]) - [DIA]
2019-05-20 14:55:00.801 TRACE 10536 --- [    Test worker] o.h.type.descriptor.sql.BasicExtractor   : extracted value ([cos_tipo_movil] : [VARCHAR]) - [CARRO]
2019-05-20 14:55:00.801 TRACE 10536 --- [    Test worker] o.h.type.descriptor.sql.BasicExtractor   : extracted value ([cos_tipo_pago] : [VARCHAR]) - [NORMAL]
2019-05-20 14:55:00.801 TRACE 10536 --- [    Test worker] o.h.type.descriptor.sql.BasicExtractor   : extracted value ([cos_valor] : [DOUBLE]) - [8000.0]
2019-05-20 14:55:00.807 DEBUG 10536 --- [    Test worker] org.hibernate.SQL                        : SELECT * FROM costoestadia WHERE cos_tipo_movil = ? AND cos_tipo_pago = ? AND cos_tiempo_estadia = ?
Hibernate: SELECT * FROM costoestadia WHERE cos_tipo_movil = ? AND cos_tipo_pago = ? AND cos_tiempo_estadia = ?
2019-05-20 14:55:00.808 TRACE 10536 --- [    Test worker] o.h.type.descriptor.sql.BasicBinder      : binding parameter [1] as [VARCHAR] - [MOTO]
2019-05-20 14:55:00.808 TRACE 10536 --- [    Test worker] o.h.type.descriptor.sql.BasicBinder      : binding parameter [2] as [VARCHAR] - [NORMAL]
2019-05-20 14:55:00.808 TRACE 10536 --- [    Test worker] o.h.type.descriptor.sql.BasicBinder      : binding parameter [3] as [VARCHAR] - [DIA]
2019-05-20 14:55:00.808 TRACE 10536 --- [    Test worker] o.h.type.descriptor.sql.BasicExtractor   : extracted value ([cos_id] : [INTEGER]) - [3]
2019-05-20 14:55:00.809 TRACE 10536 --- [    Test worker] o.h.type.descriptor.sql.BasicExtractor   : extracted value ([cos_tiempo_estadia] : [VARCHAR]) - [DIA]
2019-05-20 14:55:00.809 TRACE 10536 --- [    Test worker] o.h.type.descriptor.sql.BasicExtractor   : extracted value ([cos_tipo_movil] : [VARCHAR]) - [MOTO]
2019-05-20 14:55:00.809 TRACE 10536 --- [    Test worker] o.h.type.descriptor.sql.BasicExtractor   : extracted value ([cos_tipo_pago] : [VARCHAR]) - [NORMAL]
2019-05-20 14:55:00.809 TRACE 10536 --- [    Test worker] o.h.type.descriptor.sql.BasicExtractor   : extracted value ([cos_valor] : [DOUBLE]) - [4000.0]
2019-05-20 14:55:00.818 DEBUG 10536 --- [    Test worker] org.hibernate.SQL                        : SELECT * FROM costoestadia WHERE cos_tipo_movil = ? AND cos_tipo_pago = ? AND cos_tiempo_estadia = ?
Hibernate: SELECT * FROM costoestadia WHERE cos_tipo_movil = ? AND cos_tipo_pago = ? AND cos_tiempo_estadia = ?
2019-05-20 14:55:00.819 TRACE 10536 --- [    Test worker] o.h.type.descriptor.sql.BasicBinder      : binding parameter [1] as [VARCHAR] - [MOTO]
2019-05-20 14:55:00.819 TRACE 10536 --- [    Test worker] o.h.type.descriptor.sql.BasicBinder      : binding parameter [2] as [VARCHAR] - [NORMAL]
2019-05-20 14:55:00.820 TRACE 10536 --- [    Test worker] o.h.type.descriptor.sql.BasicBinder      : binding parameter [3] as [VARCHAR] - [HORA]
2019-05-20 14:55:00.820 TRACE 10536 --- [    Test worker] o.h.type.descriptor.sql.BasicExtractor   : extracted value ([cos_id] : [INTEGER]) - [4]
2019-05-20 14:55:00.820 TRACE 10536 --- [    Test worker] o.h.type.descriptor.sql.BasicExtractor   : extracted value ([cos_tiempo_estadia] : [VARCHAR]) - [HORA]
2019-05-20 14:55:00.820 TRACE 10536 --- [    Test worker] o.h.type.descriptor.sql.BasicExtractor   : extracted value ([cos_tipo_movil] : [VARCHAR]) - [MOTO]
2019-05-20 14:55:00.820 TRACE 10536 --- [    Test worker] o.h.type.descriptor.sql.BasicExtractor   : extracted value ([cos_tipo_pago] : [VARCHAR]) - [NORMAL]
2019-05-20 14:55:00.820 TRACE 10536 --- [    Test worker] o.h.type.descriptor.sql.BasicExtractor   : extracted value ([cos_valor] : [DOUBLE]) - [500.0]
]]></system-out>
  <system-err><![CDATA[]]></system-err>
</testsuite>
